2025-07-22 18:12:25 | INFO     | nubox_rpa.service | NuboxService inicializado con arquitectura modular
2025-07-22 18:12:25 | INFO     | nubox_rpa.authentication | Iniciando proceso de autenticación
2025-07-22 18:12:25 | INFO     | nubox_rpa.browser_manager | Navegando a https://web.nubox.com/Login/Account/Login?ReturnUrl=%2FSistemaLogin
2025-07-22 18:12:30 | INFO     | nubox_rpa.authentication | Ingresando credenciales
2025-07-22 18:12:32 | INFO     | nubox_rpa.authentication | Botón de login encontrado con selector: input[value='Ingresar'][class*='nbx-form_btn_login']
2025-07-22 18:12:32 | INFO     | nubox_rpa.authentication | Haciendo clic en el botón Ingresar
2025-07-22 18:12:35 | INFO     | nubox_rpa.authentication | URL actual después del login: https://web.nubox.com/SistemaLogin/
2025-07-22 18:12:45 | INFO     | nubox_rpa.authentication | Login exitoso: URL cambió
2025-07-22 18:12:45 | INFO     | nubox_rpa.navigation | Iniciando navegación a reportes contables
2025-07-22 18:12:47 | INFO     | nubox_rpa.navigation | Navegando al módulo de Contabilidad
2025-07-22 18:12:47 | INFO     | nubox_rpa.navigation | Intentando selector: //td[contains(@class, 'jqx-cell') and contains(@class, 'jqx-grid-cell')]//span[contains(text(), 'Contabilidad')]
2025-07-22 18:12:47 | INFO     | nubox_rpa.navigation | Elementos encontrados: 1
2025-07-22 18:12:47 | INFO     | nubox_rpa.navigation | Elemento de Contabilidad encontrado y visible
2025-07-22 18:12:47 | INFO     | nubox_rpa.navigation | Clic exitoso en Contabilidad
2025-07-22 18:12:50 | INFO     | nubox_rpa.navigation | Buscando el menú de Reportes
2025-07-22 18:12:50 | INFO     | nubox_rpa.navigation | Buscando Reportes con selector: //a[@tabindex='-1' and contains(@onfocus, 'p_MenuEnfocar') and text()='Reportes']
2025-07-22 18:12:50 | INFO     | nubox_rpa.navigation | Elementos de Reportes encontrados: 1
2025-07-22 18:12:50 | INFO     | nubox_rpa.navigation | Elemento de Reportes encontrado y visible
2025-07-22 18:12:50 | INFO     | nubox_rpa.navigation | Clic exitoso en Reportes
2025-07-22 18:12:50 | INFO     | nubox_rpa.navigation | Buscando el menú de Libros Contables
2025-07-22 18:12:51 | INFO     | nubox_rpa.navigation | Buscando Libros Contables con selector: //a[@tabindex='-1' and contains(@onfocus, 'p_SubMenuEnfocar') and contains(text(), 'Libros Contables')]
2025-07-22 18:12:51 | INFO     | nubox_rpa.navigation | Elementos de Libros Contables encontrados: 1
2025-07-22 18:12:51 | INFO     | nubox_rpa.navigation | Elemento de Libros Contables encontrado y visible
2025-07-22 18:12:52 | INFO     | nubox_rpa.navigation | Clic exitoso en Libros Contables
2025-07-22 18:12:52 | INFO     | nubox_rpa.navigation | Buscando el reporte Mayor
2025-07-22 18:12:53 | INFO     | nubox_rpa.navigation | Buscando Mayor con selector: //a[@onclick="NbxAnalyticsTrackMenu('Mayor')" and @href='conReportesLibroMayorGenerar.asp']
2025-07-22 18:12:53 | INFO     | nubox_rpa.navigation | Elementos de Mayor encontrados: 1
2025-07-22 18:12:53 | INFO     | nubox_rpa.navigation | Elemento de Mayor encontrado y visible
2025-07-22 18:12:53 | INFO     | nubox_rpa.navigation | Clic exitoso en Mayor
2025-07-22 18:12:54 | INFO     | nubox_rpa.navigation | Navegación completada exitosamente
2025-07-22 18:12:54 | INFO     | nubox_rpa | Extrayendo opciones de dropdowns de la página de Nubox
2025-07-22 18:12:54 | INFO     | nubox_rpa.ui_elements | Extrayendo opciones de dropdowns disponibles
2025-07-22 18:13:34 | INFO     | nubox_rpa.ui_elements | Encontrados 7 elementos select
2025-07-22 18:13:34 | INFO     | nubox_rpa.ui_elements | Dropdown 'Empresa': 19 opciones, seleccionado: '051,  VERSE CONSULTORES LTDA'
2025-07-22 18:13:34 | INFO     | nubox_rpa.ui_elements | Dropdown 'Tipo de Reporte': 4 opciones, seleccionado: 'ANALISIS POR CUENTA'
2025-07-22 18:13:34 | INFO     | nubox_rpa.ui_elements | Dropdown 'Formato de Salida': 2 opciones, seleccionado: 'PDF'
2025-07-22 18:13:35 | INFO     | nubox_rpa.ui_elements | Dropdown 'Cuenta Contable': 158 opciones, seleccionado: '1101-01 CUENTA CAJA'
2025-07-22 18:13:35 | INFO     | nubox_rpa.ui_elements | Dropdown 'Incluir Subcuentas': 2 opciones, seleccionado: 'NO'
2025-07-22 18:13:35 | INFO     | nubox_rpa.ui_elements | Extraídas opciones de 5 dropdowns
2025-07-22 18:13:35 | INFO     | nubox_rpa | Opciones de dropdowns extraídas exitosamente: 5 dropdowns
2025-07-22 18:14:06 | INFO     | nubox_rpa.report_extractor | Iniciando extracción múltiple para 6 combinaciones (3 empresas × 2 cuentas)
2025-07-22 18:14:06 | INFO     | nubox_rpa.report_extractor | 🏢 Procesando empresa 1/3: 527,  PUNTO HUMANO SPA
2025-07-22 18:14:06 | INFO     | nubox_rpa.report_extractor | 💰 Procesando combinación 1/6: 527,  PUNTO HUMANO SPA - 1101-01 CUENTA CAJA
2025-07-22 18:14:06 | INFO     | nubox_rpa.report_extractor | Configurando parámetros para: 527,  PUNTO HUMANO SPA - 1101-01 CUENTA CAJA
2025-07-22 18:14:06 | INFO     | nubox_rpa.parameter_config | Iniciando configuración programática de parámetros
2025-07-22 18:14:16 | INFO     | nubox_rpa.parameter_config | iframes encontrados en la página: 0
2025-07-22 18:14:16 | INFO     | nubox_rpa.parameter_config | Configurando dropdowns antes que las fechas para evitar reversión
2025-07-22 18:14:16 | INFO     | nubox_rpa.parameter_config | Configurando selecciones de dropdowns
2025-07-22 18:14:16 | INFO     | nubox_rpa.parameter_config | Encontrado dropdown correcto: 'Empresa'
2025-07-22 18:14:28 | INFO     | nubox_rpa.parameter_config | ✅ Dropdown 'Empresa' configurado exitosamente
2025-07-22 18:14:28 | INFO     | nubox_rpa.parameter_config | Dropdown 'Empresa' configurado: 527,  PUNTO HUMANO SPA
2025-07-22 18:14:28 | INFO     | nubox_rpa.parameter_config | Encontrado dropdown correcto: 'Tipo de Reporte'
2025-07-22 18:14:28 | INFO     | nubox_rpa.parameter_config | ✅ Dropdown 'Tipo de Reporte' configurado exitosamente
2025-07-22 18:14:28 | INFO     | nubox_rpa.parameter_config | Dropdown 'Tipo de Reporte' configurado: ANALISIS POR CUENTA
2025-07-22 18:14:28 | INFO     | nubox_rpa.parameter_config | Encontrado dropdown correcto: 'Formato de Salida'
2025-07-22 18:14:29 | INFO     | nubox_rpa.parameter_config | ✅ Dropdown 'Formato de Salida' configurado exitosamente
2025-07-22 18:14:29 | INFO     | nubox_rpa.parameter_config | Dropdown 'Formato de Salida' configurado: EXCEL
2025-07-22 18:14:30 | INFO     | nubox_rpa.parameter_config | Encontrado dropdown correcto: 'Cuenta Contable'
2025-07-22 18:14:30 | INFO     | nubox_rpa.parameter_config | ✅ Dropdown 'Cuenta Contable' configurado exitosamente
2025-07-22 18:14:30 | INFO     | nubox_rpa.parameter_config | Dropdown 'Cuenta Contable' configurado: 1101-01 CUENTA CAJA
2025-07-22 18:14:31 | INFO     | nubox_rpa.parameter_config | Encontrado dropdown correcto: 'Incluir Subcuentas'
2025-07-22 18:14:32 | INFO     | nubox_rpa.parameter_config | ✅ Dropdown 'Incluir Subcuentas' configurado exitosamente
2025-07-22 18:14:32 | INFO     | nubox_rpa.parameter_config | Dropdown 'Incluir Subcuentas' configurado: NO
2025-07-22 18:14:32 | INFO     | nubox_rpa.parameter_config | Configurando fecha 'Desde' al final: 01/01/2025
2025-07-22 18:14:32 | INFO     | nubox_rpa.parameter_config | Configurando fecha 'Desde': 01/01/2025
2025-07-22 18:14:33 | INFO     | nubox_rpa.parameter_config | Fecha 'Desde' configurada: 01/01/2025
2025-07-22 18:14:33 | INFO     | nubox_rpa.parameter_config | Configurando fecha 'Hasta' al final: 01/02/2025
2025-07-22 18:14:33 | INFO     | nubox_rpa.parameter_config | Configurando fecha 'Hasta': 01/02/2025
2025-07-22 18:14:34 | INFO     | nubox_rpa.parameter_config | Fecha 'Hasta' configurada: 01/02/2025
2025-07-22 18:14:34 | INFO     | nubox_rpa.parameter_config | Buscando botón para generar el reporte
2025-07-22 18:14:34 | INFO     | nubox_rpa.parameter_config | Haciendo clic en el botón Aceptar para generar el reporte
2025-07-22 18:14:36 | INFO     | nubox_rpa.parameter_config | Clic con JavaScript en botón Aceptar exitoso
2025-07-22 18:14:36 | INFO     | nubox_rpa.parameter_config | Esperando a que se genere el reporte...
2025-07-22 18:14:44 | INFO     | nubox_rpa.report_extractor | Extrayendo datos para: 527,  PUNTO HUMANO SPA - 1101-01 CUENTA CAJA
2025-07-22 18:14:44 | INFO     | nubox_rpa.report_extractor | Iniciando extracción de reporte
2025-07-22 18:15:25 | INFO     | nubox_rpa.report_extractor | Esperando a que se complete la descarga...
2025-07-22 18:15:35 | INFO     | nubox_rpa.report_extractor | Archivo descargado encontrado: /Users/javie/Downloads/LIBRO MAYOR DESDE 01_01_2025 A 01_02_2025 (3).xls
2025-07-22 18:15:35 | INFO     | nubox_rpa.report_extractor | Validando archivo: /Users/javie/Downloads/LIBRO MAYOR DESDE 01_01_2025 A 01_02_2025 (3).xls (tamaño: 475 bytes)
2025-07-22 18:15:35 | WARNING  | nubox_rpa.report_extractor | Archivo muy pequeño (475 bytes), probablemente no es Excel
2025-07-22 18:15:35 | INFO     | nubox_rpa.report_extractor | Primeros 100 caracteres del archivo: <html xmlns:x="urn:schemas-microsoft-com:office:excel"><head><!--[if gte mso 9]><xml><x:ExcelWorkboo
2025-07-22 18:15:35 | INFO     | nubox_rpa.report_extractor | ✅ DETECTADO: Archivo HTML-Excel válido de Nubox
2025-07-22 18:15:35 | INFO     | nubox_rpa.report_extractor | ✅ Descarga exitosa. Preparando para siguiente cuenta...
2025-07-22 18:15:35 | INFO     | nubox_rpa.report_extractor | 📋 Detectado formato HTML-Excel de Microsoft Office (Nubox)
2025-07-22 18:15:35 | INFO     | nubox_rpa.report_extractor | 📋 Iniciando extracción de datos HTML-Excel...
2025-07-22 18:15:35 | INFO     | nubox_rpa.report_extractor | 📋 Información de empresa extraída: {}
2025-07-22 18:15:35 | INFO     | nubox_rpa.report_extractor | 📊 Se extrajeron 0 filas de datos
2025-07-22 18:15:35 | WARNING  | nubox_rpa.report_extractor | No se encontraron filas de datos válidas
2025-07-22 18:15:35 | INFO     | nubox_rpa.report_extractor | ✅ Descarga exitosa para: 527,  PUNTO HUMANO SPA - 1101-01 CUENTA CAJA
2025-07-22 18:15:35 | INFO     | nubox_rpa.report_extractor | Navegando al formulario Mayor para siguiente combinación (2/6)
2025-07-22 18:15:35 | INFO     | nubox_rpa.navigation | Navegando intencionalmente a SistemaLogin para empezar proceso limpio
2025-07-22 18:15:35 | INFO     | nubox_rpa.navigation | 🔄 Navegando a https://web.nubox.com/SistemaLogin
2025-07-22 18:15:38 | INFO     | nubox_rpa.navigation | URL actual después de navegación: https://web.nubox.com/SistemaLogin
2025-07-22 18:15:38 | INFO     | nubox_rpa.navigation | 🚀 Iniciando navegación completa desde SistemaLogin para siguiente cuenta
2025-07-22 18:15:38 | INFO     | nubox_rpa.navigation | Ejecutando proceso completo de navegación desde SistemaLogin
2025-07-22 18:15:40 | INFO     | nubox_rpa.navigation | Navegando al módulo de Contabilidad
2025-07-22 18:15:40 | INFO     | nubox_rpa.navigation | Intentando selector: //td[contains(@class, 'jqx-cell') and contains(@class, 'jqx-grid-cell')]//span[contains(text(), 'Contabilidad')]
2025-07-22 18:15:40 | INFO     | nubox_rpa.navigation | Elementos encontrados: 1
2025-07-22 18:15:40 | INFO     | nubox_rpa.navigation | Elemento de Contabilidad encontrado y visible
2025-07-22 18:15:41 | INFO     | nubox_rpa.navigation | Clic exitoso en Contabilidad
2025-07-22 18:15:43 | INFO     | nubox_rpa.navigation | Buscando el menú de Reportes
2025-07-22 18:15:43 | INFO     | nubox_rpa.navigation | Buscando Reportes con selector: //a[@tabindex='-1' and contains(@onfocus, 'p_MenuEnfocar') and text()='Reportes']
2025-07-22 18:15:43 | INFO     | nubox_rpa.navigation | Elementos de Reportes encontrados: 1
2025-07-22 18:15:43 | INFO     | nubox_rpa.navigation | Elemento de Reportes encontrado y visible
2025-07-22 18:15:43 | INFO     | nubox_rpa.navigation | Clic exitoso en Reportes
2025-07-22 18:15:43 | INFO     | nubox_rpa.navigation | Buscando el menú de Libros Contables
2025-07-22 18:15:44 | INFO     | nubox_rpa.navigation | Buscando Libros Contables con selector: //a[@tabindex='-1' and contains(@onfocus, 'p_SubMenuEnfocar') and contains(text(), 'Libros Contables')]
2025-07-22 18:15:44 | INFO     | nubox_rpa.navigation | Elementos de Libros Contables encontrados: 1
2025-07-22 18:15:44 | INFO     | nubox_rpa.navigation | Elemento de Libros Contables encontrado y visible
2025-07-22 18:15:45 | INFO     | nubox_rpa.navigation | Clic exitoso en Libros Contables
2025-07-22 18:15:45 | INFO     | nubox_rpa.navigation | Buscando el reporte Mayor
2025-07-22 18:15:46 | INFO     | nubox_rpa.navigation | Buscando Mayor con selector: //a[@onclick="NbxAnalyticsTrackMenu('Mayor')" and @href='conReportesLibroMayorGenerar.asp']
2025-07-22 18:15:46 | INFO     | nubox_rpa.navigation | Elementos de Mayor encontrados: 1
2025-07-22 18:15:46 | INFO     | nubox_rpa.navigation | Elemento de Mayor encontrado y visible
2025-07-22 18:15:46 | INFO     | nubox_rpa.navigation | Clic exitoso en Mayor
2025-07-22 18:15:47 | INFO     | nubox_rpa.navigation | ✅ Navegación completa desde SistemaLogin exitosa
2025-07-22 18:15:47 | INFO     | nubox_rpa.report_extractor | 💰 Procesando combinación 2/6: 527,  PUNTO HUMANO SPA - 5101-01 VENTAS POR SERVICIO
2025-07-22 18:15:47 | INFO     | nubox_rpa.report_extractor | Configurando parámetros para: 527,  PUNTO HUMANO SPA - 5101-01 VENTAS POR SERVICIO
2025-07-22 18:15:47 | INFO     | nubox_rpa.parameter_config | Iniciando configuración programática de parámetros
2025-07-22 18:15:47 | INFO     | nubox_rpa.parameter_config | iframes encontrados en la página: 11
2025-07-22 18:15:47 | INFO     | nubox_rpa.parameter_config | iframe 0: name='iframe_0', src='sin_src'
2025-07-22 18:15:57 | INFO     | nubox_rpa.parameter_config | Inputs encontrados en iframe 0: 0
2025-07-22 18:15:57 | INFO     | nubox_rpa.parameter_config | iframe 1: name='iframe_1', src='sin_src'
2025-07-22 18:16:07 | INFO     | nubox_rpa.parameter_config | Inputs encontrados en iframe 1: 0
2025-07-22 18:16:07 | INFO     | nubox_rpa.parameter_config | iframe 2: name='iframe_2', src='sin_src'
2025-07-22 18:16:17 | INFO     | nubox_rpa.parameter_config | Inputs encontrados en iframe 2: 0
2025-07-22 18:16:17 | INFO     | nubox_rpa.parameter_config | iframe 3: name='iframe_3', src='sin_src'
2025-07-22 18:16:27 | INFO     | nubox_rpa.parameter_config | Inputs encontrados en iframe 3: 0
2025-07-22 18:16:27 | INFO     | nubox_rpa.parameter_config | iframe 4: name='Contenido', src='https://app.nubox.com/ServicontPlus/Asp/conPortadaContenido.asp'
2025-07-22 18:16:27 | INFO     | nubox_rpa.parameter_config | Inputs encontrados en iframe 4: 14
2025-07-22 18:16:27 | INFO     | nubox_rpa.parameter_config | Usando iframe 4 que contiene 14 inputs
2025-07-22 18:16:27 | INFO     | nubox_rpa.parameter_config | Configurando dropdowns antes que las fechas para evitar reversión
2025-07-22 18:16:27 | INFO     | nubox_rpa.parameter_config | Configurando selecciones de dropdowns
2025-07-22 18:16:27 | INFO     | nubox_rpa.parameter_config | Encontrado dropdown correcto: 'Empresa'
2025-07-22 18:16:38 | INFO     | nubox_rpa.parameter_config | ✅ Dropdown 'Empresa' configurado exitosamente
2025-07-22 18:16:38 | INFO     | nubox_rpa.parameter_config | Dropdown 'Empresa' configurado: 527,  PUNTO HUMANO SPA
2025-07-22 18:16:38 | INFO     | nubox_rpa.parameter_config | Encontrado dropdown correcto: 'Tipo de Reporte'
2025-07-22 18:16:39 | INFO     | nubox_rpa.parameter_config | ✅ Dropdown 'Tipo de Reporte' configurado exitosamente
2025-07-22 18:16:39 | INFO     | nubox_rpa.parameter_config | Dropdown 'Tipo de Reporte' configurado: ANALISIS POR CUENTA
2025-07-22 18:16:39 | INFO     | nubox_rpa.parameter_config | Encontrado dropdown correcto: 'Formato de Salida'
2025-07-22 18:16:39 | INFO     | nubox_rpa.parameter_config | ✅ Dropdown 'Formato de Salida' configurado exitosamente
2025-07-22 18:16:39 | INFO     | nubox_rpa.parameter_config | Dropdown 'Formato de Salida' configurado: EXCEL
2025-07-22 18:16:40 | INFO     | nubox_rpa.parameter_config | Encontrado dropdown correcto: 'Cuenta Contable'
2025-07-22 18:16:52 | INFO     | nubox_rpa.parameter_config | ✅ Dropdown 'Cuenta Contable' configurado con método alternativo
2025-07-22 18:16:52 | INFO     | nubox_rpa.parameter_config | Dropdown 'Cuenta Contable' configurado: 5101-01 VENTAS POR SERVICIO
2025-07-22 18:16:53 | INFO     | nubox_rpa.parameter_config | Encontrado dropdown correcto: 'Incluir Subcuentas'
2025-07-22 18:16:53 | INFO     | nubox_rpa.parameter_config | ✅ Dropdown 'Incluir Subcuentas' configurado exitosamente
2025-07-22 18:16:53 | INFO     | nubox_rpa.parameter_config | Dropdown 'Incluir Subcuentas' configurado: NO
2025-07-22 18:16:53 | INFO     | nubox_rpa.parameter_config | Configurando fecha 'Desde' al final: 01/01/2025
2025-07-22 18:16:53 | INFO     | nubox_rpa.parameter_config | Configurando fecha 'Desde': 01/01/2025
2025-07-22 18:16:54 | INFO     | nubox_rpa.parameter_config | Fecha 'Desde' configurada: 01/01/2025
2025-07-22 18:16:54 | INFO     | nubox_rpa.parameter_config | Configurando fecha 'Hasta' al final: 01/02/2025
2025-07-22 18:16:54 | INFO     | nubox_rpa.parameter_config | Configurando fecha 'Hasta': 01/02/2025
2025-07-22 18:16:55 | INFO     | nubox_rpa.parameter_config | Fecha 'Hasta' configurada: 01/02/2025
2025-07-22 18:16:55 | INFO     | nubox_rpa.parameter_config | Buscando botón para generar el reporte
2025-07-22 18:16:55 | INFO     | nubox_rpa.parameter_config | Haciendo clic en el botón Aceptar para generar el reporte
2025-07-22 18:16:58 | INFO     | nubox_rpa.parameter_config | Clic con JavaScript en botón Aceptar exitoso
2025-07-22 18:16:58 | INFO     | nubox_rpa.parameter_config | Esperando a que se genere el reporte...
2025-07-22 18:17:06 | INFO     | nubox_rpa.report_extractor | Extrayendo datos para: 527,  PUNTO HUMANO SPA - 5101-01 VENTAS POR SERVICIO
2025-07-22 18:17:06 | INFO     | nubox_rpa.report_extractor | Iniciando extracción de reporte
2025-07-22 18:17:46 | INFO     | nubox_rpa.report_extractor | Esperando a que se complete la descarga...
2025-07-22 18:17:56 | INFO     | nubox_rpa.report_extractor | Archivo descargado encontrado: /Users/javie/Downloads/LIBRO MAYOR DESDE 01_01_2025 A 01_02_2025 (4).xls
2025-07-22 18:17:56 | INFO     | nubox_rpa.report_extractor | Validando archivo: /Users/javie/Downloads/LIBRO MAYOR DESDE 01_01_2025 A 01_02_2025 (4).xls (tamaño: 2077 bytes)
2025-07-22 18:17:56 | INFO     | nubox_rpa.report_extractor | Primeros 100 caracteres del archivo: <html xmlns:x="urn:schemas-microsoft-com:office:excel"><head><!--[if gte mso 9]><xml><x:ExcelWorkboo
2025-07-22 18:17:56 | INFO     | nubox_rpa.report_extractor | ✅ DETECTADO: Archivo HTML-Excel válido de Nubox
2025-07-22 18:17:56 | INFO     | nubox_rpa.report_extractor | ✅ Descarga exitosa. Preparando para siguiente cuenta...
2025-07-22 18:17:56 | INFO     | nubox_rpa.report_extractor | 📋 Detectado formato HTML-Excel de Microsoft Office (Nubox)
2025-07-22 18:17:56 | INFO     | nubox_rpa.report_extractor | 📋 Iniciando extracción de datos HTML-Excel...
2025-07-22 18:17:56 | INFO     | nubox_rpa.report_extractor | 📋 Información de empresa extraída: {'Nombre': 'PUNTO HUMANO SPA', 'Rut': '76.558.527-9', 'Representante Legal': 'PAULO ALEJANDRO SUBIABRE CEPEDA', 'Giro Comercial': 'VENTAS AL POR MENOR A CAMBIO DE'}
2025-07-22 18:17:56 | INFO     | nubox_rpa.report_extractor | 📋 Encabezados encontrados: ['FECHA', 'COMPROBANTE', 'GLOSA', 'DEBE', 'HABER', 'SALDO', 'C.C.']
2025-07-22 18:17:56 | INFO     | nubox_rpa.report_extractor | 📊 Se extrajeron 2 filas de datos
2025-07-22 18:17:56 | INFO     | nubox_rpa.report_extractor | ✅ Datos contables limpiados: 2 filas resultantes
2025-07-22 18:17:56 | INFO     | nubox_rpa.report_extractor | ✅ DataFrame HTML-Excel creado exitosamente: 2 filas, 7 columnas
2025-07-22 18:17:56 | INFO     | nubox_rpa.report_extractor | Columnas: ['FECHA', 'COMPROBANTE', 'GLOSA', 'DEBE', 'HABER', 'SALDO', 'C.C.']
2025-07-22 18:17:56 | INFO     | nubox_rpa.report_extractor | ✅ Descarga exitosa para: 527,  PUNTO HUMANO SPA - 5101-01 VENTAS POR SERVICIO
2025-07-22 18:17:56 | INFO     | nubox_rpa.report_extractor | Navegando al formulario Mayor para siguiente combinación (3/6)
2025-07-22 18:17:56 | INFO     | nubox_rpa.navigation | Navegando intencionalmente a SistemaLogin para empezar proceso limpio
2025-07-22 18:17:56 | INFO     | nubox_rpa.navigation | 🔄 Navegando a https://web.nubox.com/SistemaLogin
2025-07-22 18:17:59 | INFO     | nubox_rpa.navigation | URL actual después de navegación: https://web.nubox.com/SistemaLogin
2025-07-22 18:17:59 | INFO     | nubox_rpa.navigation | 🚀 Iniciando navegación completa desde SistemaLogin para siguiente cuenta
2025-07-22 18:17:59 | INFO     | nubox_rpa.navigation | Ejecutando proceso completo de navegación desde SistemaLogin
2025-07-22 18:18:02 | INFO     | nubox_rpa.navigation | Navegando al módulo de Contabilidad
2025-07-22 18:18:02 | INFO     | nubox_rpa.navigation | Intentando selector: //td[contains(@class, 'jqx-cell') and contains(@class, 'jqx-grid-cell')]//span[contains(text(), 'Contabilidad')]
2025-07-22 18:18:02 | INFO     | nubox_rpa.navigation | Elementos encontrados: 1
2025-07-22 18:18:02 | INFO     | nubox_rpa.navigation | Elemento de Contabilidad encontrado y visible
2025-07-22 18:18:02 | INFO     | nubox_rpa.navigation | Clic exitoso en Contabilidad
2025-07-22 18:18:04 | INFO     | nubox_rpa.navigation | Buscando el menú de Reportes
2025-07-22 18:18:04 | INFO     | nubox_rpa.navigation | Buscando Reportes con selector: //a[@tabindex='-1' and contains(@onfocus, 'p_MenuEnfocar') and text()='Reportes']
2025-07-22 18:18:04 | INFO     | nubox_rpa.navigation | Elementos de Reportes encontrados: 1
2025-07-22 18:18:04 | INFO     | nubox_rpa.navigation | Elemento de Reportes encontrado y visible
2025-07-22 18:18:05 | INFO     | nubox_rpa.navigation | Clic exitoso en Reportes
2025-07-22 18:18:05 | INFO     | nubox_rpa.navigation | Buscando el menú de Libros Contables
2025-07-22 18:18:06 | INFO     | nubox_rpa.navigation | Buscando Libros Contables con selector: //a[@tabindex='-1' and contains(@onfocus, 'p_SubMenuEnfocar') and contains(text(), 'Libros Contables')]
2025-07-22 18:18:06 | INFO     | nubox_rpa.navigation | Elementos de Libros Contables encontrados: 1
2025-07-22 18:18:06 | INFO     | nubox_rpa.navigation | Elemento de Libros Contables encontrado y visible
2025-07-22 18:18:06 | INFO     | nubox_rpa.navigation | Clic exitoso en Libros Contables
2025-07-22 18:18:06 | INFO     | nubox_rpa.navigation | Buscando el reporte Mayor
2025-07-22 18:18:07 | INFO     | nubox_rpa.navigation | Buscando Mayor con selector: //a[@onclick="NbxAnalyticsTrackMenu('Mayor')" and @href='conReportesLibroMayorGenerar.asp']
2025-07-22 18:18:07 | INFO     | nubox_rpa.navigation | Elementos de Mayor encontrados: 1
2025-07-22 18:18:07 | INFO     | nubox_rpa.navigation | Elemento de Mayor encontrado y visible
2025-07-22 18:18:08 | INFO     | nubox_rpa.navigation | Clic exitoso en Mayor
2025-07-22 18:18:08 | INFO     | nubox_rpa.navigation | ✅ Navegación completa desde SistemaLogin exitosa
2025-07-22 18:18:08 | INFO     | nubox_rpa.report_extractor | 🏢 Procesando empresa 2/3: 586,  SERV. EMPRESARIALES INSERT PRO SPA
2025-07-22 18:18:08 | INFO     | nubox_rpa.report_extractor | 💰 Procesando combinación 3/6: 586,  SERV. EMPRESARIALES INSERT PRO SPA - 1101-01 CUENTA CAJA
2025-07-22 18:18:08 | INFO     | nubox_rpa.report_extractor | Configurando parámetros para: 586,  SERV. EMPRESARIALES INSERT PRO SPA - 1101-01 CUENTA CAJA
2025-07-22 18:18:08 | INFO     | nubox_rpa.parameter_config | Iniciando configuración programática de parámetros
2025-07-22 18:18:08 | INFO     | nubox_rpa.parameter_config | iframes encontrados en la página: 11
2025-07-22 18:18:08 | INFO     | nubox_rpa.parameter_config | iframe 0: name='iframe_0', src='sin_src'
2025-07-22 18:18:18 | INFO     | nubox_rpa.parameter_config | Inputs encontrados en iframe 0: 0
2025-07-22 18:18:18 | INFO     | nubox_rpa.parameter_config | iframe 1: name='iframe_1', src='sin_src'
2025-07-22 18:18:28 | INFO     | nubox_rpa.parameter_config | Inputs encontrados en iframe 1: 0
2025-07-22 18:18:28 | INFO     | nubox_rpa.parameter_config | iframe 2: name='iframe_2', src='sin_src'
2025-07-22 18:18:38 | INFO     | nubox_rpa.parameter_config | Inputs encontrados en iframe 2: 0
2025-07-22 18:18:38 | INFO     | nubox_rpa.parameter_config | iframe 3: name='iframe_3', src='sin_src'
2025-07-22 18:18:48 | INFO     | nubox_rpa.parameter_config | Inputs encontrados en iframe 3: 0
2025-07-22 18:18:48 | INFO     | nubox_rpa.parameter_config | iframe 4: name='Contenido', src='https://app.nubox.com/ServicontPlus/Asp/conPortadaContenido.asp'
2025-07-22 18:18:48 | INFO     | nubox_rpa.parameter_config | Inputs encontrados en iframe 4: 14
2025-07-22 18:18:48 | INFO     | nubox_rpa.parameter_config | Usando iframe 4 que contiene 14 inputs
2025-07-22 18:18:48 | INFO     | nubox_rpa.parameter_config | Configurando dropdowns antes que las fechas para evitar reversión
2025-07-22 18:18:48 | INFO     | nubox_rpa.parameter_config | Configurando selecciones de dropdowns
2025-07-22 18:18:48 | INFO     | nubox_rpa.parameter_config | Encontrado dropdown correcto: 'Empresa'
2025-07-22 18:18:59 | INFO     | nubox_rpa.parameter_config | ✅ Dropdown 'Empresa' configurado exitosamente
2025-07-22 18:18:59 | INFO     | nubox_rpa.parameter_config | Dropdown 'Empresa' configurado: 586,  SERV. EMPRESARIALES INSERT PRO SPA
2025-07-22 18:19:00 | INFO     | nubox_rpa.parameter_config | Encontrado dropdown correcto: 'Tipo de Reporte'
2025-07-22 18:19:00 | INFO     | nubox_rpa.parameter_config | ✅ Dropdown 'Tipo de Reporte' configurado exitosamente
2025-07-22 18:19:00 | INFO     | nubox_rpa.parameter_config | Dropdown 'Tipo de Reporte' configurado: ANALISIS POR CUENTA
2025-07-22 18:19:00 | INFO     | nubox_rpa.parameter_config | Encontrado dropdown correcto: 'Formato de Salida'
2025-07-22 18:19:01 | INFO     | nubox_rpa.parameter_config | ✅ Dropdown 'Formato de Salida' configurado exitosamente
2025-07-22 18:19:01 | INFO     | nubox_rpa.parameter_config | Dropdown 'Formato de Salida' configurado: EXCEL
2025-07-22 18:19:02 | INFO     | nubox_rpa.parameter_config | Encontrado dropdown correcto: 'Cuenta Contable'
2025-07-22 18:19:02 | INFO     | nubox_rpa.parameter_config | ✅ Dropdown 'Cuenta Contable' configurado exitosamente
2025-07-22 18:19:02 | INFO     | nubox_rpa.parameter_config | Dropdown 'Cuenta Contable' configurado: 1101-01 CUENTA CAJA
2025-07-22 18:19:03 | INFO     | nubox_rpa.parameter_config | Encontrado dropdown correcto: 'Incluir Subcuentas'
2025-07-22 18:19:04 | INFO     | nubox_rpa.parameter_config | ✅ Dropdown 'Incluir Subcuentas' configurado exitosamente
2025-07-22 18:19:04 | INFO     | nubox_rpa.parameter_config | Dropdown 'Incluir Subcuentas' configurado: NO
2025-07-22 18:19:04 | INFO     | nubox_rpa.parameter_config | Configurando fecha 'Desde' al final: 01/01/2025
2025-07-22 18:19:04 | INFO     | nubox_rpa.parameter_config | Configurando fecha 'Desde': 01/01/2025
2025-07-22 18:19:05 | INFO     | nubox_rpa.parameter_config | Fecha 'Desde' configurada: 01/01/2025
2025-07-22 18:19:05 | INFO     | nubox_rpa.parameter_config | Configurando fecha 'Hasta' al final: 01/02/2025
2025-07-22 18:19:05 | INFO     | nubox_rpa.parameter_config | Configurando fecha 'Hasta': 01/02/2025
2025-07-22 18:19:06 | INFO     | nubox_rpa.parameter_config | Fecha 'Hasta' configurada: 01/02/2025
2025-07-22 18:19:06 | INFO     | nubox_rpa.parameter_config | Buscando botón para generar el reporte
2025-07-22 18:19:06 | INFO     | nubox_rpa.parameter_config | Haciendo clic en el botón Aceptar para generar el reporte
2025-07-22 18:19:09 | INFO     | nubox_rpa.parameter_config | Clic con JavaScript en botón Aceptar exitoso
2025-07-22 18:19:09 | INFO     | nubox_rpa.parameter_config | Esperando a que se genere el reporte...
2025-07-22 18:19:17 | INFO     | nubox_rpa.report_extractor | Extrayendo datos para: 586,  SERV. EMPRESARIALES INSERT PRO SPA - 1101-01 CUENTA CAJA
2025-07-22 18:19:17 | INFO     | nubox_rpa.report_extractor | Iniciando extracción de reporte
2025-07-22 18:19:57 | INFO     | nubox_rpa.report_extractor | Esperando a que se complete la descarga...
2025-07-22 18:20:07 | INFO     | nubox_rpa.report_extractor | Archivo descargado encontrado: /Users/javie/Downloads/LIBRO MAYOR DESDE 01_01_2025 A 01_02_2025 (5).xls
2025-07-22 18:20:07 | INFO     | nubox_rpa.report_extractor | Validando archivo: /Users/javie/Downloads/LIBRO MAYOR DESDE 01_01_2025 A 01_02_2025 (5).xls (tamaño: 1896 bytes)
2025-07-22 18:20:07 | INFO     | nubox_rpa.report_extractor | Primeros 100 caracteres del archivo: <html xmlns:x="urn:schemas-microsoft-com:office:excel"><head><!--[if gte mso 9]><xml><x:ExcelWorkboo
2025-07-22 18:20:07 | INFO     | nubox_rpa.report_extractor | ✅ DETECTADO: Archivo HTML-Excel válido de Nubox
2025-07-22 18:20:07 | INFO     | nubox_rpa.report_extractor | ✅ Descarga exitosa. Preparando para siguiente cuenta...
2025-07-22 18:20:07 | INFO     | nubox_rpa.report_extractor | 📋 Detectado formato HTML-Excel de Microsoft Office (Nubox)
2025-07-22 18:20:07 | INFO     | nubox_rpa.report_extractor | 📋 Iniciando extracción de datos HTML-Excel...
2025-07-22 18:20:07 | INFO     | nubox_rpa.report_extractor | 📋 Información de empresa extraída: {'Nombre': 'SERV. EMPRESARIALES INSERT PRO SPA', 'Rut': '76.326.586-2', 'Representante Legal': 'PAULO ALEJANDRO SUBIABRE CEPEDA', 'Giro Comercial': 'VENTAS AL POR MENOR A CAMBIO DE'}
2025-07-22 18:20:07 | INFO     | nubox_rpa.report_extractor | 📋 Encabezados encontrados: ['FECHA', 'COMPROBANTE', 'GLOSA', 'DEBE', 'HABER', 'SALDO', 'C.C.']
2025-07-22 18:20:07 | INFO     | nubox_rpa.report_extractor | 📊 Se extrajeron 1 filas de datos
2025-07-22 18:20:07 | INFO     | nubox_rpa.report_extractor | ✅ Datos contables limpiados: 1 filas resultantes
2025-07-22 18:20:07 | INFO     | nubox_rpa.report_extractor | ✅ DataFrame HTML-Excel creado exitosamente: 1 filas, 7 columnas
2025-07-22 18:20:07 | INFO     | nubox_rpa.report_extractor | Columnas: ['FECHA', 'COMPROBANTE', 'GLOSA', 'DEBE', 'HABER', 'SALDO', 'C.C.']
2025-07-22 18:20:07 | INFO     | nubox_rpa.report_extractor | ✅ Descarga exitosa para: 586,  SERV. EMPRESARIALES INSERT PRO SPA - 1101-01 CUENTA CAJA
2025-07-22 18:20:07 | INFO     | nubox_rpa.report_extractor | Navegando al formulario Mayor para siguiente combinación (4/6)
2025-07-22 18:20:07 | INFO     | nubox_rpa.navigation | Navegando intencionalmente a SistemaLogin para empezar proceso limpio
2025-07-22 18:20:07 | INFO     | nubox_rpa.navigation | 🔄 Navegando a https://web.nubox.com/SistemaLogin
2025-07-22 18:20:11 | INFO     | nubox_rpa.navigation | URL actual después de navegación: https://web.nubox.com/SistemaLogin
2025-07-22 18:20:11 | INFO     | nubox_rpa.navigation | 🚀 Iniciando navegación completa desde SistemaLogin para siguiente cuenta
2025-07-22 18:20:11 | INFO     | nubox_rpa.navigation | Ejecutando proceso completo de navegación desde SistemaLogin
2025-07-22 18:20:13 | INFO     | nubox_rpa.navigation | Navegando al módulo de Contabilidad
2025-07-22 18:20:13 | INFO     | nubox_rpa.navigation | Intentando selector: //td[contains(@class, 'jqx-cell') and contains(@class, 'jqx-grid-cell')]//span[contains(text(), 'Contabilidad')]
2025-07-22 18:20:13 | INFO     | nubox_rpa.navigation | Elementos encontrados: 1
2025-07-22 18:20:13 | INFO     | nubox_rpa.navigation | Elemento de Contabilidad encontrado y visible
2025-07-22 18:20:13 | INFO     | nubox_rpa.navigation | Clic exitoso en Contabilidad
2025-07-22 18:20:17 | INFO     | nubox_rpa.navigation | Buscando el menú de Reportes
2025-07-22 18:20:17 | INFO     | nubox_rpa.navigation | Buscando Reportes con selector: //a[@tabindex='-1' and contains(@onfocus, 'p_MenuEnfocar') and text()='Reportes']
2025-07-22 18:20:17 | INFO     | nubox_rpa.navigation | Elementos de Reportes encontrados: 1
2025-07-22 18:20:17 | INFO     | nubox_rpa.navigation | Elemento de Reportes encontrado y visible
2025-07-22 18:20:17 | INFO     | nubox_rpa.navigation | Clic exitoso en Reportes
2025-07-22 18:20:17 | INFO     | nubox_rpa.navigation | Buscando el menú de Libros Contables
2025-07-22 18:20:18 | INFO     | nubox_rpa.navigation | Buscando Libros Contables con selector: //a[@tabindex='-1' and contains(@onfocus, 'p_SubMenuEnfocar') and contains(text(), 'Libros Contables')]
2025-07-22 18:20:18 | INFO     | nubox_rpa.navigation | Elementos de Libros Contables encontrados: 1
2025-07-22 18:20:18 | INFO     | nubox_rpa.navigation | Elemento de Libros Contables encontrado y visible
2025-07-22 18:20:19 | INFO     | nubox_rpa.navigation | Clic exitoso en Libros Contables
2025-07-22 18:20:19 | INFO     | nubox_rpa.navigation | Buscando el reporte Mayor
2025-07-22 18:20:20 | INFO     | nubox_rpa.navigation | Buscando Mayor con selector: //a[@onclick="NbxAnalyticsTrackMenu('Mayor')" and @href='conReportesLibroMayorGenerar.asp']
2025-07-22 18:20:20 | INFO     | nubox_rpa.navigation | Elementos de Mayor encontrados: 1
2025-07-22 18:20:20 | INFO     | nubox_rpa.navigation | Elemento de Mayor encontrado y visible
2025-07-22 18:20:20 | INFO     | nubox_rpa.navigation | Clic exitoso en Mayor
2025-07-22 18:20:21 | INFO     | nubox_rpa.navigation | ✅ Navegación completa desde SistemaLogin exitosa
2025-07-22 18:20:21 | INFO     | nubox_rpa.report_extractor | 💰 Procesando combinación 4/6: 586,  SERV. EMPRESARIALES INSERT PRO SPA - 5101-01 VENTAS POR SERVICIO
2025-07-22 18:20:21 | INFO     | nubox_rpa.report_extractor | Configurando parámetros para: 586,  SERV. EMPRESARIALES INSERT PRO SPA - 5101-01 VENTAS POR SERVICIO
2025-07-22 18:20:21 | INFO     | nubox_rpa.parameter_config | Iniciando configuración programática de parámetros
2025-07-22 18:20:21 | INFO     | nubox_rpa.parameter_config | iframes encontrados en la página: 11
2025-07-22 18:20:21 | INFO     | nubox_rpa.parameter_config | iframe 0: name='iframe_0', src='sin_src'
2025-07-22 18:20:31 | INFO     | nubox_rpa.parameter_config | Inputs encontrados en iframe 0: 0
2025-07-22 18:20:31 | INFO     | nubox_rpa.parameter_config | iframe 1: name='iframe_1', src='sin_src'
2025-07-22 18:20:41 | INFO     | nubox_rpa.parameter_config | Inputs encontrados en iframe 1: 0
2025-07-22 18:20:41 | INFO     | nubox_rpa.parameter_config | iframe 2: name='iframe_2', src='sin_src'
2025-07-22 18:20:51 | INFO     | nubox_rpa.parameter_config | Inputs encontrados en iframe 2: 0
2025-07-22 18:20:51 | INFO     | nubox_rpa.parameter_config | iframe 3: name='iframe_3', src='sin_src'
2025-07-22 18:21:01 | INFO     | nubox_rpa.parameter_config | Inputs encontrados en iframe 3: 0
2025-07-22 18:21:01 | INFO     | nubox_rpa.parameter_config | iframe 4: name='Contenido', src='https://app.nubox.com/ServicontPlus/Asp/conPortadaContenido.asp'
2025-07-22 18:21:01 | INFO     | nubox_rpa.parameter_config | Inputs encontrados en iframe 4: 14
2025-07-22 18:21:01 | INFO     | nubox_rpa.parameter_config | Usando iframe 4 que contiene 14 inputs
2025-07-22 18:21:01 | INFO     | nubox_rpa.parameter_config | Configurando dropdowns antes que las fechas para evitar reversión
2025-07-22 18:21:01 | INFO     | nubox_rpa.parameter_config | Configurando selecciones de dropdowns
2025-07-22 18:21:01 | INFO     | nubox_rpa.parameter_config | Encontrado dropdown correcto: 'Empresa'
2025-07-22 18:21:12 | INFO     | nubox_rpa.parameter_config | ✅ Dropdown 'Empresa' configurado exitosamente
2025-07-22 18:21:12 | INFO     | nubox_rpa.parameter_config | Dropdown 'Empresa' configurado: 586,  SERV. EMPRESARIALES INSERT PRO SPA
2025-07-22 18:21:12 | INFO     | nubox_rpa.parameter_config | Encontrado dropdown correcto: 'Tipo de Reporte'
2025-07-22 18:21:13 | INFO     | nubox_rpa.parameter_config | ✅ Dropdown 'Tipo de Reporte' configurado exitosamente
2025-07-22 18:21:13 | INFO     | nubox_rpa.parameter_config | Dropdown 'Tipo de Reporte' configurado: ANALISIS POR CUENTA
2025-07-22 18:21:13 | INFO     | nubox_rpa.parameter_config | Encontrado dropdown correcto: 'Formato de Salida'
2025-07-22 18:21:13 | INFO     | nubox_rpa.parameter_config | ✅ Dropdown 'Formato de Salida' configurado exitosamente
2025-07-22 18:21:13 | INFO     | nubox_rpa.parameter_config | Dropdown 'Formato de Salida' configurado: EXCEL
2025-07-22 18:21:14 | INFO     | nubox_rpa.parameter_config | Encontrado dropdown correcto: 'Cuenta Contable'
2025-07-22 18:21:26 | INFO     | nubox_rpa.parameter_config | ✅ Dropdown 'Cuenta Contable' configurado con método alternativo
2025-07-22 18:21:26 | INFO     | nubox_rpa.parameter_config | Dropdown 'Cuenta Contable' configurado: 5101-01 VENTAS POR SERVICIO
2025-07-22 18:21:27 | INFO     | nubox_rpa.parameter_config | Encontrado dropdown correcto: 'Incluir Subcuentas'
2025-07-22 18:21:27 | INFO     | nubox_rpa.parameter_config | ✅ Dropdown 'Incluir Subcuentas' configurado exitosamente
2025-07-22 18:21:27 | INFO     | nubox_rpa.parameter_config | Dropdown 'Incluir Subcuentas' configurado: NO
2025-07-22 18:21:27 | INFO     | nubox_rpa.parameter_config | Configurando fecha 'Desde' al final: 01/01/2025
2025-07-22 18:21:27 | INFO     | nubox_rpa.parameter_config | Configurando fecha 'Desde': 01/01/2025
2025-07-22 18:21:28 | INFO     | nubox_rpa.parameter_config | Fecha 'Desde' configurada: 01/01/2025
2025-07-22 18:21:28 | INFO     | nubox_rpa.parameter_config | Configurando fecha 'Hasta' al final: 01/02/2025
2025-07-22 18:21:28 | INFO     | nubox_rpa.parameter_config | Configurando fecha 'Hasta': 01/02/2025
2025-07-22 18:21:29 | INFO     | nubox_rpa.parameter_config | Fecha 'Hasta' configurada: 01/02/2025
2025-07-22 18:21:29 | INFO     | nubox_rpa.parameter_config | Buscando botón para generar el reporte
2025-07-22 18:21:29 | INFO     | nubox_rpa.parameter_config | Haciendo clic en el botón Aceptar para generar el reporte
2025-07-22 18:21:32 | INFO     | nubox_rpa.parameter_config | Clic con JavaScript en botón Aceptar exitoso
2025-07-22 18:21:32 | INFO     | nubox_rpa.parameter_config | Esperando a que se genere el reporte...
2025-07-22 18:21:40 | INFO     | nubox_rpa.report_extractor | Extrayendo datos para: 586,  SERV. EMPRESARIALES INSERT PRO SPA - 5101-01 VENTAS POR SERVICIO
2025-07-22 18:21:40 | INFO     | nubox_rpa.report_extractor | Iniciando extracción de reporte
2025-07-22 18:22:20 | INFO     | nubox_rpa.report_extractor | Esperando a que se complete la descarga...
2025-07-22 18:22:30 | INFO     | nubox_rpa.report_extractor | Archivo descargado encontrado: /Users/javie/Downloads/LIBRO MAYOR DESDE 01_01_2025 A 01_02_2025 (6).xls
2025-07-22 18:22:30 | INFO     | nubox_rpa.report_extractor | Validando archivo: /Users/javie/Downloads/LIBRO MAYOR DESDE 01_01_2025 A 01_02_2025 (6).xls (tamaño: 1905 bytes)
2025-07-22 18:22:30 | INFO     | nubox_rpa.report_extractor | Primeros 100 caracteres del archivo: <html xmlns:x="urn:schemas-microsoft-com:office:excel"><head><!--[if gte mso 9]><xml><x:ExcelWorkboo
2025-07-22 18:22:30 | INFO     | nubox_rpa.report_extractor | ✅ DETECTADO: Archivo HTML-Excel válido de Nubox
2025-07-22 18:22:30 | INFO     | nubox_rpa.report_extractor | ✅ Descarga exitosa. Preparando para siguiente cuenta...
2025-07-22 18:22:30 | INFO     | nubox_rpa.report_extractor | 📋 Detectado formato HTML-Excel de Microsoft Office (Nubox)
2025-07-22 18:22:30 | INFO     | nubox_rpa.report_extractor | 📋 Iniciando extracción de datos HTML-Excel...
2025-07-22 18:22:30 | INFO     | nubox_rpa.report_extractor | 📋 Información de empresa extraída: {'Nombre': 'SERV. EMPRESARIALES INSERT PRO SPA', 'Rut': '76.326.586-2', 'Representante Legal': 'PAULO ALEJANDRO SUBIABRE CEPEDA', 'Giro Comercial': 'VENTAS AL POR MENOR A CAMBIO DE'}
2025-07-22 18:22:30 | INFO     | nubox_rpa.report_extractor | 📋 Encabezados encontrados: ['FECHA', 'COMPROBANTE', 'GLOSA', 'DEBE', 'HABER', 'SALDO', 'C.C.']
2025-07-22 18:22:30 | INFO     | nubox_rpa.report_extractor | 📊 Se extrajeron 1 filas de datos
2025-07-22 18:22:30 | INFO     | nubox_rpa.report_extractor | ✅ Datos contables limpiados: 1 filas resultantes
2025-07-22 18:22:30 | INFO     | nubox_rpa.report_extractor | ✅ DataFrame HTML-Excel creado exitosamente: 1 filas, 7 columnas
2025-07-22 18:22:30 | INFO     | nubox_rpa.report_extractor | Columnas: ['FECHA', 'COMPROBANTE', 'GLOSA', 'DEBE', 'HABER', 'SALDO', 'C.C.']
2025-07-22 18:22:30 | INFO     | nubox_rpa.report_extractor | ✅ Descarga exitosa para: 586,  SERV. EMPRESARIALES INSERT PRO SPA - 5101-01 VENTAS POR SERVICIO
2025-07-22 18:22:30 | INFO     | nubox_rpa.report_extractor | Navegando al formulario Mayor para siguiente combinación (5/6)
2025-07-22 18:22:30 | INFO     | nubox_rpa.navigation | Navegando intencionalmente a SistemaLogin para empezar proceso limpio
2025-07-22 18:22:30 | INFO     | nubox_rpa.navigation | 🔄 Navegando a https://web.nubox.com/SistemaLogin
2025-07-22 18:22:34 | INFO     | nubox_rpa.navigation | URL actual después de navegación: https://web.nubox.com/SistemaLogin
2025-07-22 18:22:34 | INFO     | nubox_rpa.navigation | 🚀 Iniciando navegación completa desde SistemaLogin para siguiente cuenta
2025-07-22 18:22:34 | INFO     | nubox_rpa.navigation | Ejecutando proceso completo de navegación desde SistemaLogin
2025-07-22 18:22:36 | INFO     | nubox_rpa.navigation | Navegando al módulo de Contabilidad
2025-07-22 18:22:36 | INFO     | nubox_rpa.navigation | Intentando selector: //td[contains(@class, 'jqx-cell') and contains(@class, 'jqx-grid-cell')]//span[contains(text(), 'Contabilidad')]
2025-07-22 18:22:36 | INFO     | nubox_rpa.navigation | Elementos encontrados: 1
2025-07-22 18:22:36 | INFO     | nubox_rpa.navigation | Elemento de Contabilidad encontrado y visible
2025-07-22 18:22:37 | INFO     | nubox_rpa.navigation | Clic exitoso en Contabilidad
2025-07-22 18:22:40 | INFO     | nubox_rpa.navigation | Buscando el menú de Reportes
2025-07-22 18:22:40 | INFO     | nubox_rpa.navigation | Buscando Reportes con selector: //a[@tabindex='-1' and contains(@onfocus, 'p_MenuEnfocar') and text()='Reportes']
2025-07-22 18:22:40 | INFO     | nubox_rpa.navigation | Elementos de Reportes encontrados: 1
2025-07-22 18:22:40 | INFO     | nubox_rpa.navigation | Elemento de Reportes encontrado y visible
2025-07-22 18:22:40 | INFO     | nubox_rpa.navigation | Clic exitoso en Reportes
2025-07-22 18:22:40 | INFO     | nubox_rpa.navigation | Buscando el menú de Libros Contables
2025-07-22 18:22:41 | INFO     | nubox_rpa.navigation | Buscando Libros Contables con selector: //a[@tabindex='-1' and contains(@onfocus, 'p_SubMenuEnfocar') and contains(text(), 'Libros Contables')]
2025-07-22 18:22:41 | INFO     | nubox_rpa.navigation | Elementos de Libros Contables encontrados: 1
2025-07-22 18:22:41 | INFO     | nubox_rpa.navigation | Elemento de Libros Contables encontrado y visible
2025-07-22 18:22:42 | INFO     | nubox_rpa.navigation | Clic exitoso en Libros Contables
2025-07-22 18:22:42 | INFO     | nubox_rpa.navigation | Buscando el reporte Mayor
2025-07-22 18:22:43 | INFO     | nubox_rpa.navigation | Buscando Mayor con selector: //a[@onclick="NbxAnalyticsTrackMenu('Mayor')" and @href='conReportesLibroMayorGenerar.asp']
2025-07-22 18:22:43 | INFO     | nubox_rpa.navigation | Elementos de Mayor encontrados: 1
2025-07-22 18:22:43 | INFO     | nubox_rpa.navigation | Elemento de Mayor encontrado y visible
2025-07-22 18:22:43 | INFO     | nubox_rpa.navigation | Clic exitoso en Mayor
2025-07-22 18:22:43 | INFO     | nubox_rpa.navigation | ✅ Navegación completa desde SistemaLogin exitosa
2025-07-22 18:22:43 | INFO     | nubox_rpa.report_extractor | 🏢 Procesando empresa 3/3: 906,  SELYT SPA
2025-07-22 18:22:43 | INFO     | nubox_rpa.report_extractor | 💰 Procesando combinación 5/6: 906,  SELYT SPA - 1101-01 CUENTA CAJA
2025-07-22 18:22:43 | INFO     | nubox_rpa.report_extractor | Configurando parámetros para: 906,  SELYT SPA - 1101-01 CUENTA CAJA
2025-07-22 18:22:43 | INFO     | nubox_rpa.parameter_config | Iniciando configuración programática de parámetros
2025-07-22 18:22:43 | INFO     | nubox_rpa.parameter_config | iframes encontrados en la página: 11
2025-07-22 18:22:43 | INFO     | nubox_rpa.parameter_config | iframe 0: name='iframe_0', src='sin_src'
2025-07-22 18:22:53 | INFO     | nubox_rpa.parameter_config | Inputs encontrados en iframe 0: 0
2025-07-22 18:22:53 | INFO     | nubox_rpa.parameter_config | iframe 1: name='iframe_1', src='sin_src'
2025-07-22 18:23:04 | INFO     | nubox_rpa.parameter_config | Inputs encontrados en iframe 1: 0
2025-07-22 18:23:04 | INFO     | nubox_rpa.parameter_config | iframe 2: name='iframe_2', src='sin_src'
2025-07-22 18:23:14 | INFO     | nubox_rpa.parameter_config | Inputs encontrados en iframe 2: 0
2025-07-22 18:23:14 | INFO     | nubox_rpa.parameter_config | iframe 3: name='iframe_3', src='sin_src'
2025-07-22 18:23:24 | INFO     | nubox_rpa.parameter_config | Inputs encontrados en iframe 3: 0
2025-07-22 18:23:24 | INFO     | nubox_rpa.parameter_config | iframe 4: name='Contenido', src='https://app.nubox.com/ServicontPlus/Asp/conPortadaContenido.asp'
2025-07-22 18:23:24 | INFO     | nubox_rpa.parameter_config | Inputs encontrados en iframe 4: 14
2025-07-22 18:23:24 | INFO     | nubox_rpa.parameter_config | Usando iframe 4 que contiene 14 inputs
2025-07-22 18:23:24 | INFO     | nubox_rpa.parameter_config | Configurando dropdowns antes que las fechas para evitar reversión
2025-07-22 18:23:24 | INFO     | nubox_rpa.parameter_config | Configurando selecciones de dropdowns
2025-07-22 18:23:24 | INFO     | nubox_rpa.parameter_config | Encontrado dropdown correcto: 'Empresa'
2025-07-22 18:23:35 | INFO     | nubox_rpa.parameter_config | ✅ Dropdown 'Empresa' configurado exitosamente
2025-07-22 18:23:35 | INFO     | nubox_rpa.parameter_config | Dropdown 'Empresa' configurado: 906,  SELYT SPA
2025-07-22 18:23:35 | INFO     | nubox_rpa.parameter_config | Encontrado dropdown correcto: 'Tipo de Reporte'
2025-07-22 18:23:36 | INFO     | nubox_rpa.parameter_config | ✅ Dropdown 'Tipo de Reporte' configurado exitosamente
2025-07-22 18:23:36 | INFO     | nubox_rpa.parameter_config | Dropdown 'Tipo de Reporte' configurado: ANALISIS POR CUENTA
2025-07-22 18:23:36 | INFO     | nubox_rpa.parameter_config | Encontrado dropdown correcto: 'Formato de Salida'
2025-07-22 18:23:36 | INFO     | nubox_rpa.parameter_config | ✅ Dropdown 'Formato de Salida' configurado exitosamente
2025-07-22 18:23:36 | INFO     | nubox_rpa.parameter_config | Dropdown 'Formato de Salida' configurado: EXCEL
2025-07-22 18:23:37 | INFO     | nubox_rpa.parameter_config | Encontrado dropdown correcto: 'Cuenta Contable'
2025-07-22 18:23:38 | INFO     | nubox_rpa.parameter_config | ✅ Dropdown 'Cuenta Contable' configurado exitosamente
2025-07-22 18:23:38 | INFO     | nubox_rpa.parameter_config | Dropdown 'Cuenta Contable' configurado: 1101-01 CUENTA CAJA
2025-07-22 18:23:39 | INFO     | nubox_rpa.parameter_config | Encontrado dropdown correcto: 'Incluir Subcuentas'
2025-07-22 18:23:40 | INFO     | nubox_rpa.parameter_config | ✅ Dropdown 'Incluir Subcuentas' configurado exitosamente
2025-07-22 18:23:40 | INFO     | nubox_rpa.parameter_config | Dropdown 'Incluir Subcuentas' configurado: NO
2025-07-22 18:23:40 | INFO     | nubox_rpa.parameter_config | Configurando fecha 'Desde' al final: 01/01/2025
2025-07-22 18:23:40 | INFO     | nubox_rpa.parameter_config | Configurando fecha 'Desde': 01/01/2025
2025-07-22 18:23:41 | INFO     | nubox_rpa.parameter_config | Fecha 'Desde' configurada: 01/01/2025
2025-07-22 18:23:41 | INFO     | nubox_rpa.parameter_config | Configurando fecha 'Hasta' al final: 01/02/2025
2025-07-22 18:23:41 | INFO     | nubox_rpa.parameter_config | Configurando fecha 'Hasta': 01/02/2025
2025-07-22 18:23:42 | INFO     | nubox_rpa.parameter_config | Fecha 'Hasta' configurada: 01/02/2025
2025-07-22 18:23:42 | INFO     | nubox_rpa.parameter_config | Buscando botón para generar el reporte
2025-07-22 18:23:42 | INFO     | nubox_rpa.parameter_config | Haciendo clic en el botón Aceptar para generar el reporte
2025-07-22 18:23:44 | INFO     | nubox_rpa.parameter_config | Clic con JavaScript en botón Aceptar exitoso
2025-07-22 18:23:44 | INFO     | nubox_rpa.parameter_config | Esperando a que se genere el reporte...
2025-07-22 18:23:52 | INFO     | nubox_rpa.report_extractor | Extrayendo datos para: 906,  SELYT SPA - 1101-01 CUENTA CAJA
2025-07-22 18:23:52 | INFO     | nubox_rpa.report_extractor | Iniciando extracción de reporte
2025-07-22 18:24:32 | INFO     | nubox_rpa.report_extractor | Esperando a que se complete la descarga...
2025-07-22 18:24:42 | INFO     | nubox_rpa.report_extractor | Archivo descargado encontrado: /Users/javie/Downloads/LIBRO MAYOR DESDE 01_01_2025 A 01_02_2025 (7).xls
2025-07-22 18:24:42 | INFO     | nubox_rpa.report_extractor | Validando archivo: /Users/javie/Downloads/LIBRO MAYOR DESDE 01_01_2025 A 01_02_2025 (7).xls (tamaño: 1860 bytes)
2025-07-22 18:24:42 | INFO     | nubox_rpa.report_extractor | Primeros 100 caracteres del archivo: <html xmlns:x="urn:schemas-microsoft-com:office:excel"><head><!--[if gte mso 9]><xml><x:ExcelWorkboo
2025-07-22 18:24:42 | INFO     | nubox_rpa.report_extractor | ✅ DETECTADO: Archivo HTML-Excel válido de Nubox
2025-07-22 18:24:42 | INFO     | nubox_rpa.report_extractor | ✅ Descarga exitosa. Preparando para siguiente cuenta...
2025-07-22 18:24:42 | INFO     | nubox_rpa.report_extractor | 📋 Detectado formato HTML-Excel de Microsoft Office (Nubox)
2025-07-22 18:24:42 | INFO     | nubox_rpa.report_extractor | 📋 Iniciando extracción de datos HTML-Excel...
2025-07-22 18:24:42 | INFO     | nubox_rpa.report_extractor | 📋 Información de empresa extraída: {'Nombre': 'SELYT SPA', 'Rut': '77.081.534-7', 'Representante Legal': 'PAULO ALEJANDRO SUBIABRE CEPEDA', 'Giro Comercial': 'SERVICIOS TECNOLOGICOS'}
2025-07-22 18:24:42 | INFO     | nubox_rpa.report_extractor | 📋 Encabezados encontrados: ['FECHA', 'COMPROBANTE', 'GLOSA', 'DEBE', 'HABER', 'SALDO', 'C.C.']
2025-07-22 18:24:42 | INFO     | nubox_rpa.report_extractor | 📊 Se extrajeron 1 filas de datos
2025-07-22 18:24:42 | INFO     | nubox_rpa.report_extractor | ✅ Datos contables limpiados: 1 filas resultantes
2025-07-22 18:24:42 | INFO     | nubox_rpa.report_extractor | ✅ DataFrame HTML-Excel creado exitosamente: 1 filas, 7 columnas
2025-07-22 18:24:42 | INFO     | nubox_rpa.report_extractor | Columnas: ['FECHA', 'COMPROBANTE', 'GLOSA', 'DEBE', 'HABER', 'SALDO', 'C.C.']
2025-07-22 18:24:42 | INFO     | nubox_rpa.report_extractor | ✅ Descarga exitosa para: 906,  SELYT SPA - 1101-01 CUENTA CAJA
2025-07-22 18:24:42 | INFO     | nubox_rpa.report_extractor | Navegando al formulario Mayor para siguiente combinación (6/6)
2025-07-22 18:24:42 | INFO     | nubox_rpa.navigation | Navegando intencionalmente a SistemaLogin para empezar proceso limpio
2025-07-22 18:24:42 | INFO     | nubox_rpa.navigation | 🔄 Navegando a https://web.nubox.com/SistemaLogin
2025-07-22 18:24:46 | INFO     | nubox_rpa.navigation | URL actual después de navegación: https://web.nubox.com/SistemaLogin
2025-07-22 18:24:46 | INFO     | nubox_rpa.navigation | 🚀 Iniciando navegación completa desde SistemaLogin para siguiente cuenta
2025-07-22 18:24:46 | INFO     | nubox_rpa.navigation | Ejecutando proceso completo de navegación desde SistemaLogin
2025-07-22 18:24:48 | INFO     | nubox_rpa.navigation | Navegando al módulo de Contabilidad
2025-07-22 18:24:48 | INFO     | nubox_rpa.navigation | Intentando selector: //td[contains(@class, 'jqx-cell') and contains(@class, 'jqx-grid-cell')]//span[contains(text(), 'Contabilidad')]
2025-07-22 18:24:48 | INFO     | nubox_rpa.navigation | Elementos encontrados: 1
2025-07-22 18:24:48 | INFO     | nubox_rpa.navigation | Elemento de Contabilidad encontrado y visible
2025-07-22 18:24:49 | INFO     | nubox_rpa.navigation | Clic exitoso en Contabilidad
2025-07-22 18:24:51 | INFO     | nubox_rpa.navigation | Buscando el menú de Reportes
2025-07-22 18:24:51 | INFO     | nubox_rpa.navigation | Buscando Reportes con selector: //a[@tabindex='-1' and contains(@onfocus, 'p_MenuEnfocar') and text()='Reportes']
2025-07-22 18:24:51 | INFO     | nubox_rpa.navigation | Elementos de Reportes encontrados: 1
2025-07-22 18:24:51 | INFO     | nubox_rpa.navigation | Elemento de Reportes encontrado y visible
2025-07-22 18:24:52 | INFO     | nubox_rpa.navigation | Clic exitoso en Reportes
2025-07-22 18:24:52 | INFO     | nubox_rpa.navigation | Buscando el menú de Libros Contables
2025-07-22 18:24:53 | INFO     | nubox_rpa.navigation | Buscando Libros Contables con selector: //a[@tabindex='-1' and contains(@onfocus, 'p_SubMenuEnfocar') and contains(text(), 'Libros Contables')]
2025-07-22 18:24:53 | INFO     | nubox_rpa.navigation | Elementos de Libros Contables encontrados: 1
2025-07-22 18:24:53 | INFO     | nubox_rpa.navigation | Elemento de Libros Contables encontrado y visible
2025-07-22 18:24:54 | INFO     | nubox_rpa.navigation | Clic exitoso en Libros Contables
2025-07-22 18:24:54 | INFO     | nubox_rpa.navigation | Buscando el reporte Mayor
2025-07-22 18:24:55 | INFO     | nubox_rpa.navigation | Buscando Mayor con selector: //a[@onclick="NbxAnalyticsTrackMenu('Mayor')" and @href='conReportesLibroMayorGenerar.asp']
2025-07-22 18:24:55 | INFO     | nubox_rpa.navigation | Elementos de Mayor encontrados: 1
2025-07-22 18:24:55 | INFO     | nubox_rpa.navigation | Elemento de Mayor encontrado y visible
2025-07-22 18:24:55 | INFO     | nubox_rpa.navigation | Clic exitoso en Mayor
2025-07-22 18:24:55 | INFO     | nubox_rpa.navigation | ✅ Navegación completa desde SistemaLogin exitosa
2025-07-22 18:24:55 | INFO     | nubox_rpa.report_extractor | 💰 Procesando combinación 6/6: 906,  SELYT SPA - 5101-01 VENTAS POR SERVICIO
2025-07-22 18:24:55 | INFO     | nubox_rpa.report_extractor | Configurando parámetros para: 906,  SELYT SPA - 5101-01 VENTAS POR SERVICIO
2025-07-22 18:24:55 | INFO     | nubox_rpa.parameter_config | Iniciando configuración programática de parámetros
2025-07-22 18:24:55 | INFO     | nubox_rpa.parameter_config | iframes encontrados en la página: 11
2025-07-22 18:24:55 | INFO     | nubox_rpa.parameter_config | iframe 0: name='iframe_0', src='sin_src'
2025-07-22 18:25:05 | INFO     | nubox_rpa.parameter_config | Inputs encontrados en iframe 0: 0
2025-07-22 18:25:05 | INFO     | nubox_rpa.parameter_config | iframe 1: name='iframe_1', src='sin_src'
2025-07-22 18:25:15 | INFO     | nubox_rpa.parameter_config | Inputs encontrados en iframe 1: 0
2025-07-22 18:25:15 | INFO     | nubox_rpa.parameter_config | iframe 2: name='iframe_2', src='sin_src'
2025-07-22 18:25:25 | INFO     | nubox_rpa.parameter_config | Inputs encontrados en iframe 2: 0
2025-07-22 18:25:25 | INFO     | nubox_rpa.parameter_config | iframe 3: name='iframe_3', src='sin_src'
2025-07-22 18:25:35 | INFO     | nubox_rpa.parameter_config | Inputs encontrados en iframe 3: 0
2025-07-22 18:25:36 | INFO     | nubox_rpa.parameter_config | iframe 4: name='Contenido', src='https://app.nubox.com/ServicontPlus/Asp/conPortadaContenido.asp'
2025-07-22 18:25:36 | INFO     | nubox_rpa.parameter_config | Inputs encontrados en iframe 4: 14
2025-07-22 18:25:36 | INFO     | nubox_rpa.parameter_config | Usando iframe 4 que contiene 14 inputs
2025-07-22 18:25:36 | INFO     | nubox_rpa.parameter_config | Configurando dropdowns antes que las fechas para evitar reversión
2025-07-22 18:25:36 | INFO     | nubox_rpa.parameter_config | Configurando selecciones de dropdowns
2025-07-22 18:25:36 | INFO     | nubox_rpa.parameter_config | Encontrado dropdown correcto: 'Empresa'
2025-07-22 18:25:47 | INFO     | nubox_rpa.parameter_config | ✅ Dropdown 'Empresa' configurado exitosamente
2025-07-22 18:25:47 | INFO     | nubox_rpa.parameter_config | Dropdown 'Empresa' configurado: 906,  SELYT SPA
2025-07-22 18:25:47 | INFO     | nubox_rpa.parameter_config | Encontrado dropdown correcto: 'Tipo de Reporte'
2025-07-22 18:25:48 | INFO     | nubox_rpa.parameter_config | ✅ Dropdown 'Tipo de Reporte' configurado exitosamente
2025-07-22 18:25:48 | INFO     | nubox_rpa.parameter_config | Dropdown 'Tipo de Reporte' configurado: ANALISIS POR CUENTA
2025-07-22 18:25:48 | INFO     | nubox_rpa.parameter_config | Encontrado dropdown correcto: 'Formato de Salida'
2025-07-22 18:25:48 | INFO     | nubox_rpa.parameter_config | ✅ Dropdown 'Formato de Salida' configurado exitosamente
2025-07-22 18:25:48 | INFO     | nubox_rpa.parameter_config | Dropdown 'Formato de Salida' configurado: EXCEL
2025-07-22 18:25:49 | INFO     | nubox_rpa.parameter_config | Encontrado dropdown correcto: 'Cuenta Contable'
2025-07-22 18:26:01 | INFO     | nubox_rpa.parameter_config | ✅ Dropdown 'Cuenta Contable' configurado con método alternativo
2025-07-22 18:26:01 | INFO     | nubox_rpa.parameter_config | Dropdown 'Cuenta Contable' configurado: 5101-01 VENTAS POR SERVICIO
2025-07-22 18:26:02 | INFO     | nubox_rpa.parameter_config | Encontrado dropdown correcto: 'Incluir Subcuentas'
2025-07-22 18:26:02 | INFO     | nubox_rpa.parameter_config | ✅ Dropdown 'Incluir Subcuentas' configurado exitosamente
2025-07-22 18:26:02 | INFO     | nubox_rpa.parameter_config | Dropdown 'Incluir Subcuentas' configurado: NO
2025-07-22 18:26:02 | INFO     | nubox_rpa.parameter_config | Configurando fecha 'Desde' al final: 01/01/2025
2025-07-22 18:26:02 | INFO     | nubox_rpa.parameter_config | Configurando fecha 'Desde': 01/01/2025
2025-07-22 18:26:03 | INFO     | nubox_rpa.parameter_config | Fecha 'Desde' configurada: 01/01/2025
2025-07-22 18:26:03 | INFO     | nubox_rpa.parameter_config | Configurando fecha 'Hasta' al final: 01/02/2025
2025-07-22 18:26:03 | INFO     | nubox_rpa.parameter_config | Configurando fecha 'Hasta': 01/02/2025
2025-07-22 18:26:04 | INFO     | nubox_rpa.parameter_config | Fecha 'Hasta' configurada: 01/02/2025
2025-07-22 18:26:04 | INFO     | nubox_rpa.parameter_config | Buscando botón para generar el reporte
2025-07-22 18:26:04 | INFO     | nubox_rpa.parameter_config | Haciendo clic en el botón Aceptar para generar el reporte
2025-07-22 18:26:07 | INFO     | nubox_rpa.parameter_config | Clic con JavaScript en botón Aceptar exitoso
2025-07-22 18:26:07 | INFO     | nubox_rpa.parameter_config | Esperando a que se genere el reporte...
2025-07-22 18:26:15 | INFO     | nubox_rpa.report_extractor | Extrayendo datos para: 906,  SELYT SPA - 5101-01 VENTAS POR SERVICIO
2025-07-22 18:26:15 | INFO     | nubox_rpa.report_extractor | Iniciando extracción de reporte
2025-07-22 18:26:55 | INFO     | nubox_rpa.report_extractor | Esperando a que se complete la descarga...
2025-07-22 18:27:05 | INFO     | nubox_rpa.report_extractor | Archivo descargado encontrado: /Users/javie/Downloads/LIBRO MAYOR DESDE 01_01_2025 A 01_02_2025 (8).xls
2025-07-22 18:27:05 | INFO     | nubox_rpa.report_extractor | Validando archivo: /Users/javie/Downloads/LIBRO MAYOR DESDE 01_01_2025 A 01_02_2025 (8).xls (tamaño: 2074 bytes)
2025-07-22 18:27:05 | INFO     | nubox_rpa.report_extractor | Primeros 100 caracteres del archivo: <html xmlns:x="urn:schemas-microsoft-com:office:excel"><head><!--[if gte mso 9]><xml><x:ExcelWorkboo
2025-07-22 18:27:05 | INFO     | nubox_rpa.report_extractor | ✅ DETECTADO: Archivo HTML-Excel válido de Nubox
2025-07-22 18:27:05 | INFO     | nubox_rpa.report_extractor | ✅ Descarga exitosa. Preparando para siguiente cuenta...
2025-07-22 18:27:05 | INFO     | nubox_rpa.report_extractor | 📋 Detectado formato HTML-Excel de Microsoft Office (Nubox)
2025-07-22 18:27:05 | INFO     | nubox_rpa.report_extractor | 📋 Iniciando extracción de datos HTML-Excel...
2025-07-22 18:27:05 | INFO     | nubox_rpa.report_extractor | 📋 Información de empresa extraída: {'Nombre': 'SELYT SPA', 'Rut': '77.081.534-7', 'Representante Legal': 'PAULO ALEJANDRO SUBIABRE CEPEDA', 'Giro Comercial': 'SERVICIOS TECNOLOGICOS'}
2025-07-22 18:27:05 | INFO     | nubox_rpa.report_extractor | 📋 Encabezados encontrados: ['FECHA', 'COMPROBANTE', 'GLOSA', 'DEBE', 'HABER', 'SALDO', 'C.C.']
2025-07-22 18:27:05 | INFO     | nubox_rpa.report_extractor | 📊 Se extrajeron 2 filas de datos
2025-07-22 18:27:05 | INFO     | nubox_rpa.report_extractor | ✅ Datos contables limpiados: 2 filas resultantes
2025-07-22 18:27:05 | INFO     | nubox_rpa.report_extractor | ✅ DataFrame HTML-Excel creado exitosamente: 2 filas, 7 columnas
2025-07-22 18:27:05 | INFO     | nubox_rpa.report_extractor | Columnas: ['FECHA', 'COMPROBANTE', 'GLOSA', 'DEBE', 'HABER', 'SALDO', 'C.C.']
2025-07-22 18:27:05 | INFO     | nubox_rpa.report_extractor | ✅ Descarga exitosa para: 906,  SELYT SPA - 5101-01 VENTAS POR SERVICIO
2025-07-22 18:27:05 | INFO     | nubox_rpa.report_extractor | 🎯 Extracción múltiple completada: 6 exitosas, 0 fallidas de 6 combinaciones
2025-07-22 18:27:07 | INFO     | nubox_rpa.mongodb | ✅ Conectado exitosamente a MongoDB Atlas - Base de datos: nubox-data
2025-07-22 18:27:08 | INFO     | nubox_rpa.mongodb | ✅ Índices de Nubox creados exitosamente
2025-07-22 18:27:08 | INFO     | nubox_rpa.mongodb | ✅ Reporte Nubox exportado exitosamente: 2 filas, ID: 6880103b9145753a39a1a6a6
2025-07-22 18:27:10 | INFO     | nubox_rpa.mongodb | ✅ Índices de Nubox creados exitosamente
2025-07-22 18:27:10 | INFO     | nubox_rpa.mongodb | ✅ Reporte Nubox exportado exitosamente: 1 filas, ID: 6880103c9145753a39a1a6a7
2025-07-22 18:27:10 | INFO     | nubox_rpa.mongodb | ✅ Índices de Nubox creados exitosamente
2025-07-22 18:27:10 | INFO     | nubox_rpa.mongodb | ✅ Reporte Nubox exportado exitosamente: 1 filas, ID: 6880103e9145753a39a1a6a8
2025-07-22 18:27:12 | INFO     | nubox_rpa.mongodb | ✅ Índices de Nubox creados exitosamente
2025-07-22 18:27:12 | INFO     | nubox_rpa.mongodb | ✅ Reporte Nubox exportado exitosamente: 1 filas, ID: 6880103e9145753a39a1a6a9
2025-07-22 18:27:14 | INFO     | nubox_rpa.mongodb | ✅ Índices de Nubox creados exitosamente
2025-07-22 18:27:14 | INFO     | nubox_rpa.mongodb | ✅ Reporte Nubox exportado exitosamente: 2 filas, ID: 688010409145753a39a1a6aa
2025-07-22 18:27:14 | INFO     | nubox_rpa.mongodb | 🔌 Desconectado de MongoDB Atlas
