2025-07-14 12:10:40 | INFO     | nubox_rpa.service | NuboxService inicializado con arquitectura modular
2025-07-14 12:10:40 | INFO     | nubox_rpa.authentication | Iniciando proceso de autenticación
2025-07-14 12:10:40 | INFO     | nubox_rpa.browser_manager | Navegando a https://web.nubox.com/Login/Account/Login?ReturnUrl=%2FSistemaLogin
2025-07-14 12:10:45 | INFO     | nubox_rpa.authentication | Ingresando credenciales
2025-07-14 12:10:46 | INFO     | nubox_rpa.authentication | Botón de login encontrado con selector: input[value='Ingresar'][class*='nbx-form_btn_login']
2025-07-14 12:10:46 | INFO     | nubox_rpa.authentication | Haciendo clic en el botón Ingresar
2025-07-14 12:10:49 | INFO     | nubox_rpa.authentication | URL actual después del login: https://web.nubox.com/SistemaLogin/
2025-07-14 12:10:59 | INFO     | nubox_rpa.authentication | Login exitoso: URL cambió
2025-07-14 12:10:59 | INFO     | nubox_rpa.navigation | Iniciando navegación a reportes contables
2025-07-14 12:11:01 | INFO     | nubox_rpa.navigation | Navegando al módulo de Contabilidad
2025-07-14 12:11:01 | INFO     | nubox_rpa.navigation | Intentando selector: //td[contains(@class, 'jqx-cell') and contains(@class, 'jqx-grid-cell')]//span[contains(text(), 'Contabilidad')]
2025-07-14 12:11:01 | INFO     | nubox_rpa.navigation | Elementos encontrados: 1
2025-07-14 12:11:01 | INFO     | nubox_rpa.navigation | Elemento de Contabilidad encontrado y visible
2025-07-14 12:11:02 | INFO     | nubox_rpa.navigation | Clic exitoso en Contabilidad
2025-07-14 12:11:03 | INFO     | nubox_rpa.navigation | Buscando el menú de Reportes
2025-07-14 12:11:03 | INFO     | nubox_rpa.navigation | Buscando Reportes con selector: //a[@tabindex='-1' and contains(@onfocus, 'p_MenuEnfocar') and text()='Reportes']
2025-07-14 12:11:03 | INFO     | nubox_rpa.navigation | Elementos de Reportes encontrados: 1
2025-07-14 12:11:03 | INFO     | nubox_rpa.navigation | Elemento de Reportes encontrado y visible
2025-07-14 12:11:04 | INFO     | nubox_rpa.navigation | Clic exitoso en Reportes
2025-07-14 12:11:04 | INFO     | nubox_rpa.navigation | Buscando el menú de Libros Contables
2025-07-14 12:11:05 | INFO     | nubox_rpa.navigation | Buscando Libros Contables con selector: //a[@tabindex='-1' and contains(@onfocus, 'p_SubMenuEnfocar') and contains(text(), 'Libros Contables')]
2025-07-14 12:11:05 | INFO     | nubox_rpa.navigation | Elementos de Libros Contables encontrados: 1
2025-07-14 12:11:05 | INFO     | nubox_rpa.navigation | Elemento de Libros Contables encontrado y visible
2025-07-14 12:11:06 | INFO     | nubox_rpa.navigation | Clic exitoso en Libros Contables
2025-07-14 12:11:06 | INFO     | nubox_rpa.navigation | Buscando el reporte Mayor
2025-07-14 12:11:07 | INFO     | nubox_rpa.navigation | Buscando Mayor con selector: //a[@onclick="NbxAnalyticsTrackMenu('Mayor')" and @href='conReportesLibroMayorGenerar.asp']
2025-07-14 12:11:07 | INFO     | nubox_rpa.navigation | Elementos de Mayor encontrados: 1
2025-07-14 12:11:07 | INFO     | nubox_rpa.navigation | Elemento de Mayor encontrado y visible
2025-07-14 12:11:07 | INFO     | nubox_rpa.navigation | Clic exitoso en Mayor
2025-07-14 12:11:07 | INFO     | nubox_rpa.navigation | Navegación completada exitosamente
2025-07-14 12:11:07 | INFO     | nubox_rpa.streamlit | Extrayendo opciones de dropdowns de la página de Nubox
2025-07-14 12:11:07 | INFO     | nubox_rpa.ui_elements | Extrayendo opciones de dropdowns disponibles
2025-07-14 12:11:47 | INFO     | nubox_rpa.ui_elements | Encontrados 7 elementos select
2025-07-14 12:11:48 | INFO     | nubox_rpa.ui_elements | Dropdown 'Empresa': 19 opciones, seleccionado: '051,  VERSE CONSULTORES LTDA'
2025-07-14 12:11:48 | INFO     | nubox_rpa.ui_elements | Dropdown 'Tipo de Reporte': 4 opciones, seleccionado: 'ANALISIS POR CUENTA'
2025-07-14 12:11:48 | INFO     | nubox_rpa.ui_elements | Dropdown 'Formato de Salida': 2 opciones, seleccionado: 'PDF'
2025-07-14 12:11:48 | INFO     | nubox_rpa.ui_elements | Dropdown 'Cuenta Contable': 158 opciones, seleccionado: '1101-01 CUENTA CAJA'
2025-07-14 12:11:48 | INFO     | nubox_rpa.ui_elements | Dropdown 'Incluir Subcuentas': 2 opciones, seleccionado: 'NO'
2025-07-14 12:11:48 | INFO     | nubox_rpa.ui_elements | Extraídas opciones de 5 dropdowns
2025-07-14 12:11:48 | INFO     | nubox_rpa.streamlit | Opciones de dropdowns extraídas exitosamente: 5 dropdowns
2025-07-14 12:12:27 | INFO     | nubox_rpa.report_extractor | Iniciando extracción múltiple para 4 cuentas
2025-07-14 12:12:27 | INFO     | nubox_rpa.report_extractor | Procesando cuenta 1/4: 1101-01 CUENTA CAJA
2025-07-14 12:12:27 | INFO     | nubox_rpa.report_extractor | Configurando parámetros para cuenta: 1101-01 CUENTA CAJA
2025-07-14 12:12:27 | INFO     | nubox_rpa.parameter_config | Iniciando configuración programática de parámetros
2025-07-14 12:12:37 | INFO     | nubox_rpa.parameter_config | iframes encontrados en la página: 0
2025-07-14 12:12:37 | INFO     | nubox_rpa.parameter_config | Configurando dropdowns antes que las fechas para evitar reversión
2025-07-14 12:12:37 | INFO     | nubox_rpa.parameter_config | Configurando selecciones de dropdowns
2025-07-14 12:12:37 | INFO     | nubox_rpa.parameter_config | Encontrado dropdown correcto: 'Empresa'
2025-07-14 12:12:48 | INFO     | nubox_rpa.parameter_config | ✅ Dropdown 'Empresa' configurado exitosamente
2025-07-14 12:12:48 | INFO     | nubox_rpa.parameter_config | Dropdown 'Empresa' configurado: 906,  SELYT SPA
2025-07-14 12:12:48 | INFO     | nubox_rpa.parameter_config | Encontrado dropdown correcto: 'Tipo de Reporte'
2025-07-14 12:12:48 | INFO     | nubox_rpa.parameter_config | ✅ Dropdown 'Tipo de Reporte' configurado exitosamente
2025-07-14 12:12:48 | INFO     | nubox_rpa.parameter_config | Dropdown 'Tipo de Reporte' configurado: ANALISIS POR CUENTA
2025-07-14 12:12:48 | INFO     | nubox_rpa.parameter_config | Encontrado dropdown correcto: 'Formato de Salida'
2025-07-14 12:12:49 | INFO     | nubox_rpa.parameter_config | ✅ Dropdown 'Formato de Salida' configurado exitosamente
2025-07-14 12:12:49 | INFO     | nubox_rpa.parameter_config | Dropdown 'Formato de Salida' configurado: EXCEL
2025-07-14 12:12:50 | INFO     | nubox_rpa.parameter_config | Encontrado dropdown correcto: 'Cuenta Contable'
2025-07-14 12:12:50 | INFO     | nubox_rpa.parameter_config | ✅ Dropdown 'Cuenta Contable' configurado exitosamente
2025-07-14 12:12:50 | INFO     | nubox_rpa.parameter_config | Dropdown 'Cuenta Contable' configurado: 1101-01 CUENTA CAJA
2025-07-14 12:12:51 | INFO     | nubox_rpa.parameter_config | Encontrado dropdown correcto: 'Incluir Subcuentas'
2025-07-14 12:12:52 | INFO     | nubox_rpa.parameter_config | ✅ Dropdown 'Incluir Subcuentas' configurado exitosamente
2025-07-14 12:12:52 | INFO     | nubox_rpa.parameter_config | Dropdown 'Incluir Subcuentas' configurado: SI
2025-07-14 12:12:52 | INFO     | nubox_rpa.parameter_config | Configurando fecha 'Desde' al final: 01/01/2025
2025-07-14 12:12:52 | INFO     | nubox_rpa.parameter_config | Configurando fecha 'Desde': 01/01/2025
2025-07-14 12:12:53 | INFO     | nubox_rpa.parameter_config | Fecha 'Desde' configurada: 01/01/2025
2025-07-14 12:12:53 | INFO     | nubox_rpa.parameter_config | Configurando fecha 'Hasta' al final: 01/02/2025
2025-07-14 12:12:53 | INFO     | nubox_rpa.parameter_config | Configurando fecha 'Hasta': 01/02/2025
2025-07-14 12:12:54 | INFO     | nubox_rpa.parameter_config | Fecha 'Hasta' configurada: 01/02/2025
2025-07-14 12:12:54 | INFO     | nubox_rpa.parameter_config | Buscando botón para generar el reporte
2025-07-14 12:12:54 | INFO     | nubox_rpa.parameter_config | Haciendo clic en el botón Aceptar para generar el reporte
2025-07-14 12:12:57 | INFO     | nubox_rpa.parameter_config | Clic con JavaScript en botón Aceptar exitoso
2025-07-14 12:12:57 | INFO     | nubox_rpa.parameter_config | Esperando a que se genere el reporte...
2025-07-14 12:13:04 | INFO     | nubox_rpa.report_extractor | Extrayendo datos para cuenta: 1101-01 CUENTA CAJA
2025-07-14 12:13:04 | INFO     | nubox_rpa.report_extractor | Iniciando extracción de reporte
2025-07-14 12:13:44 | INFO     | nubox_rpa.report_extractor | Esperando a que se complete la descarga...
2025-07-14 12:13:54 | INFO     | nubox_rpa.report_extractor | Archivo descargado encontrado: /Users/javie/Downloads/LIBRO MAYOR DESDE 01_01_2025 A 01_02_2025 (3).xls
2025-07-14 12:13:54 | INFO     | nubox_rpa.report_extractor | Validando archivo: /Users/javie/Downloads/LIBRO MAYOR DESDE 01_01_2025 A 01_02_2025 (3).xls (tamaño: 2173 bytes)
2025-07-14 12:13:54 | INFO     | nubox_rpa.report_extractor | Primeros 100 caracteres del archivo: <html xmlns:x="urn:schemas-microsoft-com:office:excel"><head><!--[if gte mso 9]><xml><x:ExcelWorkboo
2025-07-14 12:13:54 | INFO     | nubox_rpa.report_extractor | ✅ DETECTADO: Archivo HTML-Excel válido de Nubox
2025-07-14 12:13:54 | INFO     | nubox_rpa.report_extractor | ✅ Descarga exitosa. Preparando para siguiente cuenta...
2025-07-14 12:13:54 | INFO     | nubox_rpa.report_extractor | 📋 Detectado formato HTML-Excel de Microsoft Office (Nubox)
2025-07-14 12:13:54 | INFO     | nubox_rpa.report_extractor | 📋 Iniciando extracción de datos HTML-Excel...
2025-07-14 12:13:54 | INFO     | nubox_rpa.report_extractor | 📋 Información de empresa extraída: {'Nombre': 'SELYT SPA', 'Rut': '77.081.534-7', 'Representante Legal': 'PAULO ALEJANDRO SUBIABRE CEPEDA', 'Giro Comercial': 'SERVICIOS TECNOLOGICOS'}
2025-07-14 12:13:54 | INFO     | nubox_rpa.report_extractor | 📋 Encabezados encontrados: ['FECHA', 'COMPROBANTE', 'GLOSA', 'DEBE', 'HABER', 'SALDO', 'C.C.']
2025-07-14 12:13:54 | INFO     | nubox_rpa.report_extractor | 📊 Se extrajeron 1 filas de datos
2025-07-14 12:13:54 | INFO     | nubox_rpa.report_extractor | ✅ Datos contables limpiados: 1 filas resultantes
2025-07-14 12:13:54 | INFO     | nubox_rpa.report_extractor | ✅ DataFrame HTML-Excel creado exitosamente: 1 filas, 7 columnas
2025-07-14 12:13:54 | INFO     | nubox_rpa.report_extractor | Columnas: ['FECHA', 'COMPROBANTE', 'GLOSA', 'DEBE', 'HABER', 'SALDO', 'C.C.']
2025-07-14 12:13:54 | INFO     | nubox_rpa.report_extractor | ✅ Descarga exitosa para cuenta 1101-01 CUENTA CAJA
2025-07-14 12:13:54 | INFO     | nubox_rpa.report_extractor | Navegando al formulario Mayor para siguiente cuenta (2/4)
2025-07-14 12:13:54 | INFO     | nubox_rpa.navigation | Navegando intencionalmente a SistemaLogin para empezar proceso limpio
2025-07-14 12:13:54 | INFO     | nubox_rpa.navigation | 🔄 Navegando a https://web.nubox.com/SistemaLogin
2025-07-14 12:13:58 | INFO     | nubox_rpa.navigation | URL actual después de navegación: https://web.nubox.com/SistemaLogin
2025-07-14 12:13:58 | INFO     | nubox_rpa.navigation | 🚀 Iniciando navegación completa desde SistemaLogin para siguiente cuenta
2025-07-14 12:13:58 | INFO     | nubox_rpa.navigation | Ejecutando proceso completo de navegación desde SistemaLogin
2025-07-14 12:14:00 | INFO     | nubox_rpa.navigation | Navegando al módulo de Contabilidad
2025-07-14 12:14:00 | INFO     | nubox_rpa.navigation | Intentando selector: //td[contains(@class, 'jqx-cell') and contains(@class, 'jqx-grid-cell')]//span[contains(text(), 'Contabilidad')]
2025-07-14 12:14:00 | INFO     | nubox_rpa.navigation | Elementos encontrados: 1
2025-07-14 12:14:00 | INFO     | nubox_rpa.navigation | Elemento de Contabilidad encontrado y visible
2025-07-14 12:14:00 | INFO     | nubox_rpa.navigation | Clic exitoso en Contabilidad
2025-07-14 12:14:01 | INFO     | nubox_rpa.navigation | Buscando el menú de Reportes
2025-07-14 12:14:01 | INFO     | nubox_rpa.navigation | Buscando Reportes con selector: //a[@tabindex='-1' and contains(@onfocus, 'p_MenuEnfocar') and text()='Reportes']
2025-07-14 12:14:01 | INFO     | nubox_rpa.navigation | Elementos de Reportes encontrados: 1
2025-07-14 12:14:01 | INFO     | nubox_rpa.navigation | Elemento de Reportes encontrado y visible
2025-07-14 12:14:02 | INFO     | nubox_rpa.navigation | Clic exitoso en Reportes
2025-07-14 12:14:02 | INFO     | nubox_rpa.navigation | Buscando el menú de Libros Contables
2025-07-14 12:14:03 | INFO     | nubox_rpa.navigation | Buscando Libros Contables con selector: //a[@tabindex='-1' and contains(@onfocus, 'p_SubMenuEnfocar') and contains(text(), 'Libros Contables')]
2025-07-14 12:14:03 | INFO     | nubox_rpa.navigation | Elementos de Libros Contables encontrados: 1
2025-07-14 12:14:03 | INFO     | nubox_rpa.navigation | Elemento de Libros Contables encontrado y visible
2025-07-14 12:14:04 | INFO     | nubox_rpa.navigation | Clic exitoso en Libros Contables
2025-07-14 12:14:04 | INFO     | nubox_rpa.navigation | Buscando el reporte Mayor
2025-07-14 12:14:05 | INFO     | nubox_rpa.navigation | Buscando Mayor con selector: //a[@onclick="NbxAnalyticsTrackMenu('Mayor')" and @href='conReportesLibroMayorGenerar.asp']
2025-07-14 12:14:05 | INFO     | nubox_rpa.navigation | Elementos de Mayor encontrados: 1
2025-07-14 12:14:05 | INFO     | nubox_rpa.navigation | Elemento de Mayor encontrado y visible
2025-07-14 12:14:05 | INFO     | nubox_rpa.navigation | Clic exitoso en Mayor
2025-07-14 12:14:05 | INFO     | nubox_rpa.navigation | ✅ Navegación completa desde SistemaLogin exitosa
2025-07-14 12:14:05 | INFO     | nubox_rpa.report_extractor | Procesando cuenta 2/4: 5101-01 VENTAS POR SERVICIO
2025-07-14 12:14:05 | INFO     | nubox_rpa.report_extractor | Configurando parámetros para cuenta: 5101-01 VENTAS POR SERVICIO
2025-07-14 12:14:05 | INFO     | nubox_rpa.parameter_config | Iniciando configuración programática de parámetros
2025-07-14 12:14:05 | INFO     | nubox_rpa.parameter_config | iframes encontrados en la página: 11
2025-07-14 12:14:05 | INFO     | nubox_rpa.parameter_config | iframe 0: name='iframe_0', src='sin_src'
2025-07-14 12:14:15 | INFO     | nubox_rpa.parameter_config | Inputs encontrados en iframe 0: 0
2025-07-14 12:14:15 | INFO     | nubox_rpa.parameter_config | iframe 1: name='iframe_1', src='sin_src'
2025-07-14 12:14:25 | INFO     | nubox_rpa.parameter_config | Inputs encontrados en iframe 1: 0
2025-07-14 12:14:25 | INFO     | nubox_rpa.parameter_config | iframe 2: name='iframe_2', src='sin_src'
2025-07-14 12:14:35 | INFO     | nubox_rpa.parameter_config | Inputs encontrados en iframe 2: 0
2025-07-14 12:14:35 | INFO     | nubox_rpa.parameter_config | iframe 3: name='iframe_3', src='sin_src'
2025-07-14 12:14:46 | INFO     | nubox_rpa.parameter_config | Inputs encontrados en iframe 3: 0
2025-07-14 12:14:46 | INFO     | nubox_rpa.parameter_config | iframe 4: name='Contenido', src='https://app.nubox.com/ServicontPlus/Asp/conPortadaContenido.asp'
2025-07-14 12:14:46 | INFO     | nubox_rpa.parameter_config | Inputs encontrados en iframe 4: 14
2025-07-14 12:14:46 | INFO     | nubox_rpa.parameter_config | Usando iframe 4 que contiene 14 inputs
2025-07-14 12:14:46 | INFO     | nubox_rpa.parameter_config | Configurando dropdowns antes que las fechas para evitar reversión
2025-07-14 12:14:46 | INFO     | nubox_rpa.parameter_config | Configurando selecciones de dropdowns
2025-07-14 12:14:46 | INFO     | nubox_rpa.parameter_config | Encontrado dropdown correcto: 'Empresa'
2025-07-14 12:14:57 | INFO     | nubox_rpa.parameter_config | ✅ Dropdown 'Empresa' configurado exitosamente
2025-07-14 12:14:57 | INFO     | nubox_rpa.parameter_config | Dropdown 'Empresa' configurado: 906,  SELYT SPA
2025-07-14 12:14:57 | INFO     | nubox_rpa.parameter_config | Encontrado dropdown correcto: 'Tipo de Reporte'
2025-07-14 12:14:57 | INFO     | nubox_rpa.parameter_config | ✅ Dropdown 'Tipo de Reporte' configurado exitosamente
2025-07-14 12:14:57 | INFO     | nubox_rpa.parameter_config | Dropdown 'Tipo de Reporte' configurado: ANALISIS POR CUENTA
2025-07-14 12:14:57 | INFO     | nubox_rpa.parameter_config | Encontrado dropdown correcto: 'Formato de Salida'
2025-07-14 12:14:58 | INFO     | nubox_rpa.parameter_config | ✅ Dropdown 'Formato de Salida' configurado exitosamente
2025-07-14 12:14:58 | INFO     | nubox_rpa.parameter_config | Dropdown 'Formato de Salida' configurado: EXCEL
2025-07-14 12:14:59 | INFO     | nubox_rpa.parameter_config | Encontrado dropdown correcto: 'Cuenta Contable'
2025-07-14 12:15:10 | INFO     | nubox_rpa.parameter_config | ✅ Dropdown 'Cuenta Contable' configurado con método alternativo
2025-07-14 12:15:10 | INFO     | nubox_rpa.parameter_config | Dropdown 'Cuenta Contable' configurado: 5101-01 VENTAS POR SERVICIO
2025-07-14 12:15:11 | INFO     | nubox_rpa.parameter_config | Encontrado dropdown correcto: 'Incluir Subcuentas'
2025-07-14 12:15:12 | INFO     | nubox_rpa.parameter_config | ✅ Dropdown 'Incluir Subcuentas' configurado exitosamente
2025-07-14 12:15:12 | INFO     | nubox_rpa.parameter_config | Dropdown 'Incluir Subcuentas' configurado: SI
2025-07-14 12:15:12 | INFO     | nubox_rpa.parameter_config | Configurando fecha 'Desde' al final: 01/01/2025
2025-07-14 12:15:12 | INFO     | nubox_rpa.parameter_config | Configurando fecha 'Desde': 01/01/2025
2025-07-14 12:15:13 | INFO     | nubox_rpa.parameter_config | Fecha 'Desde' configurada: 01/01/2025
2025-07-14 12:15:13 | INFO     | nubox_rpa.parameter_config | Configurando fecha 'Hasta' al final: 01/02/2025
2025-07-14 12:15:13 | INFO     | nubox_rpa.parameter_config | Configurando fecha 'Hasta': 01/02/2025
2025-07-14 12:15:14 | INFO     | nubox_rpa.parameter_config | Fecha 'Hasta' configurada: 01/02/2025
2025-07-14 12:15:14 | INFO     | nubox_rpa.parameter_config | Buscando botón para generar el reporte
2025-07-14 12:15:14 | INFO     | nubox_rpa.parameter_config | Haciendo clic en el botón Aceptar para generar el reporte
2025-07-14 12:15:24 | INFO     | nubox_rpa.parameter_config | Clic con JavaScript en botón Aceptar exitoso
2025-07-14 12:15:24 | INFO     | nubox_rpa.parameter_config | Esperando a que se genere el reporte...
2025-07-14 12:15:31 | INFO     | nubox_rpa.report_extractor | Extrayendo datos para cuenta: 5101-01 VENTAS POR SERVICIO
2025-07-14 12:15:31 | INFO     | nubox_rpa.report_extractor | Iniciando extracción de reporte
2025-07-14 12:16:11 | INFO     | nubox_rpa.report_extractor | Esperando a que se complete la descarga...
2025-07-14 12:16:21 | INFO     | nubox_rpa.report_extractor | Archivo descargado encontrado: /Users/javie/Downloads/LIBRO MAYOR DESDE 01_01_2025 A 01_02_2025 (4).xls
2025-07-14 12:16:21 | INFO     | nubox_rpa.report_extractor | Validando archivo: /Users/javie/Downloads/LIBRO MAYOR DESDE 01_01_2025 A 01_02_2025 (4).xls (tamaño: 6311 bytes)
2025-07-14 12:16:21 | INFO     | nubox_rpa.report_extractor | Primeros 100 caracteres del archivo: <html xmlns:x="urn:schemas-microsoft-com:office:excel"><head><!--[if gte mso 9]><xml><x:ExcelWorkboo
2025-07-14 12:16:21 | INFO     | nubox_rpa.report_extractor | ✅ DETECTADO: Archivo HTML-Excel válido de Nubox
2025-07-14 12:16:21 | INFO     | nubox_rpa.report_extractor | ✅ Descarga exitosa. Preparando para siguiente cuenta...
2025-07-14 12:16:21 | INFO     | nubox_rpa.report_extractor | 📋 Detectado formato HTML-Excel de Microsoft Office (Nubox)
2025-07-14 12:16:21 | INFO     | nubox_rpa.report_extractor | 📋 Iniciando extracción de datos HTML-Excel...
2025-07-14 12:16:21 | INFO     | nubox_rpa.report_extractor | 📋 Información de empresa extraída: {'Nombre': 'SELYT SPA', 'Rut': '77.081.534-7', 'Representante Legal': 'PAULO ALEJANDRO SUBIABRE CEPEDA', 'Giro Comercial': 'SERVICIOS TECNOLOGICOS'}
2025-07-14 12:16:21 | INFO     | nubox_rpa.report_extractor | 📋 Encabezados encontrados: ['FECHA', 'COMPROBANTE', 'GLOSA', 'DEBE', 'HABER', 'SALDO', 'C.C.']
2025-07-14 12:16:21 | INFO     | nubox_rpa.report_extractor | 📊 Se extrajeron 2 filas de datos
2025-07-14 12:16:21 | INFO     | nubox_rpa.report_extractor | ✅ Datos contables limpiados: 2 filas resultantes
2025-07-14 12:16:21 | INFO     | nubox_rpa.report_extractor | ✅ DataFrame HTML-Excel creado exitosamente: 2 filas, 7 columnas
2025-07-14 12:16:21 | INFO     | nubox_rpa.report_extractor | Columnas: ['FECHA', 'COMPROBANTE', 'GLOSA', 'DEBE', 'HABER', 'SALDO', 'C.C.']
2025-07-14 12:16:21 | INFO     | nubox_rpa.report_extractor | ✅ Descarga exitosa para cuenta 5101-01 VENTAS POR SERVICIO
2025-07-14 12:16:21 | INFO     | nubox_rpa.report_extractor | Navegando al formulario Mayor para siguiente cuenta (3/4)
2025-07-14 12:16:21 | INFO     | nubox_rpa.navigation | Navegando intencionalmente a SistemaLogin para empezar proceso limpio
2025-07-14 12:16:21 | INFO     | nubox_rpa.navigation | 🔄 Navegando a https://web.nubox.com/SistemaLogin
2025-07-14 12:16:25 | INFO     | nubox_rpa.navigation | URL actual después de navegación: https://web.nubox.com/SistemaLogin
2025-07-14 12:16:25 | INFO     | nubox_rpa.navigation | 🚀 Iniciando navegación completa desde SistemaLogin para siguiente cuenta
2025-07-14 12:16:25 | INFO     | nubox_rpa.navigation | Ejecutando proceso completo de navegación desde SistemaLogin
2025-07-14 12:16:27 | INFO     | nubox_rpa.navigation | Navegando al módulo de Contabilidad
2025-07-14 12:16:27 | INFO     | nubox_rpa.navigation | Intentando selector: //td[contains(@class, 'jqx-cell') and contains(@class, 'jqx-grid-cell')]//span[contains(text(), 'Contabilidad')]
2025-07-14 12:16:27 | INFO     | nubox_rpa.navigation | Elementos encontrados: 1
2025-07-14 12:16:27 | INFO     | nubox_rpa.navigation | Elemento de Contabilidad encontrado y visible
2025-07-14 12:16:27 | INFO     | nubox_rpa.navigation | Clic exitoso en Contabilidad
2025-07-14 12:16:28 | INFO     | nubox_rpa.navigation | Buscando el menú de Reportes
2025-07-14 12:16:28 | INFO     | nubox_rpa.navigation | Buscando Reportes con selector: //a[@tabindex='-1' and contains(@onfocus, 'p_MenuEnfocar') and text()='Reportes']
2025-07-14 12:16:28 | INFO     | nubox_rpa.navigation | Elementos de Reportes encontrados: 1
2025-07-14 12:16:28 | INFO     | nubox_rpa.navigation | Elemento de Reportes encontrado y visible
2025-07-14 12:16:29 | INFO     | nubox_rpa.navigation | Clic exitoso en Reportes
2025-07-14 12:16:29 | INFO     | nubox_rpa.navigation | Buscando el menú de Libros Contables
2025-07-14 12:16:30 | INFO     | nubox_rpa.navigation | Buscando Libros Contables con selector: //a[@tabindex='-1' and contains(@onfocus, 'p_SubMenuEnfocar') and contains(text(), 'Libros Contables')]
2025-07-14 12:16:30 | INFO     | nubox_rpa.navigation | Elementos de Libros Contables encontrados: 1
2025-07-14 12:16:30 | INFO     | nubox_rpa.navigation | Elemento de Libros Contables encontrado y visible
2025-07-14 12:16:31 | INFO     | nubox_rpa.navigation | Clic exitoso en Libros Contables
2025-07-14 12:16:31 | INFO     | nubox_rpa.navigation | Buscando el reporte Mayor
2025-07-14 12:16:32 | INFO     | nubox_rpa.navigation | Buscando Mayor con selector: //a[@onclick="NbxAnalyticsTrackMenu('Mayor')" and @href='conReportesLibroMayorGenerar.asp']
2025-07-14 12:16:32 | INFO     | nubox_rpa.navigation | Elementos de Mayor encontrados: 1
2025-07-14 12:16:32 | INFO     | nubox_rpa.navigation | Elemento de Mayor encontrado y visible
2025-07-14 12:16:32 | INFO     | nubox_rpa.navigation | Clic exitoso en Mayor
2025-07-14 12:16:32 | INFO     | nubox_rpa.navigation | ✅ Navegación completa desde SistemaLogin exitosa
2025-07-14 12:16:32 | INFO     | nubox_rpa.report_extractor | Procesando cuenta 3/4: 4402-01 INTERESES BANCARIOS
2025-07-14 12:16:32 | INFO     | nubox_rpa.report_extractor | Configurando parámetros para cuenta: 4402-01 INTERESES BANCARIOS
2025-07-14 12:16:32 | INFO     | nubox_rpa.parameter_config | Iniciando configuración programática de parámetros
2025-07-14 12:16:32 | INFO     | nubox_rpa.parameter_config | iframes encontrados en la página: 11
2025-07-14 12:16:32 | INFO     | nubox_rpa.parameter_config | iframe 0: name='iframe_0', src='sin_src'
2025-07-14 12:16:42 | INFO     | nubox_rpa.parameter_config | Inputs encontrados en iframe 0: 0
2025-07-14 12:16:42 | INFO     | nubox_rpa.parameter_config | iframe 1: name='iframe_1', src='sin_src'
2025-07-14 12:16:52 | INFO     | nubox_rpa.parameter_config | Inputs encontrados en iframe 1: 0
2025-07-14 12:16:52 | INFO     | nubox_rpa.parameter_config | iframe 2: name='iframe_2', src='sin_src'
2025-07-14 12:17:02 | INFO     | nubox_rpa.parameter_config | Inputs encontrados en iframe 2: 0
2025-07-14 12:17:02 | INFO     | nubox_rpa.parameter_config | iframe 3: name='iframe_3', src='sin_src'
2025-07-14 12:17:13 | INFO     | nubox_rpa.parameter_config | Inputs encontrados en iframe 3: 0
2025-07-14 12:17:13 | INFO     | nubox_rpa.parameter_config | iframe 4: name='Contenido', src='https://app.nubox.com/ServicontPlus/Asp/conPortadaContenido.asp'
2025-07-14 12:17:13 | INFO     | nubox_rpa.parameter_config | Inputs encontrados en iframe 4: 14
2025-07-14 12:17:13 | INFO     | nubox_rpa.parameter_config | Usando iframe 4 que contiene 14 inputs
2025-07-14 12:17:13 | INFO     | nubox_rpa.parameter_config | Configurando dropdowns antes que las fechas para evitar reversión
2025-07-14 12:17:13 | INFO     | nubox_rpa.parameter_config | Configurando selecciones de dropdowns
2025-07-14 12:17:13 | INFO     | nubox_rpa.parameter_config | Encontrado dropdown correcto: 'Empresa'
2025-07-14 12:17:24 | INFO     | nubox_rpa.parameter_config | ✅ Dropdown 'Empresa' configurado exitosamente
2025-07-14 12:17:24 | INFO     | nubox_rpa.parameter_config | Dropdown 'Empresa' configurado: 906,  SELYT SPA
2025-07-14 12:17:24 | INFO     | nubox_rpa.parameter_config | Encontrado dropdown correcto: 'Tipo de Reporte'
2025-07-14 12:17:24 | INFO     | nubox_rpa.parameter_config | ✅ Dropdown 'Tipo de Reporte' configurado exitosamente
2025-07-14 12:17:24 | INFO     | nubox_rpa.parameter_config | Dropdown 'Tipo de Reporte' configurado: ANALISIS POR CUENTA
2025-07-14 12:17:24 | INFO     | nubox_rpa.parameter_config | Encontrado dropdown correcto: 'Formato de Salida'
2025-07-14 12:17:25 | INFO     | nubox_rpa.parameter_config | ✅ Dropdown 'Formato de Salida' configurado exitosamente
2025-07-14 12:17:25 | INFO     | nubox_rpa.parameter_config | Dropdown 'Formato de Salida' configurado: EXCEL
2025-07-14 12:17:26 | INFO     | nubox_rpa.parameter_config | Encontrado dropdown correcto: 'Cuenta Contable'
2025-07-14 12:17:26 | INFO     | nubox_rpa.parameter_config | ✅ Dropdown 'Cuenta Contable' configurado exitosamente
2025-07-14 12:17:26 | INFO     | nubox_rpa.parameter_config | Dropdown 'Cuenta Contable' configurado: 4402-01 INTERESES BANCARIOS
2025-07-14 12:17:27 | INFO     | nubox_rpa.parameter_config | Encontrado dropdown correcto: 'Incluir Subcuentas'
2025-07-14 12:17:28 | INFO     | nubox_rpa.parameter_config | ✅ Dropdown 'Incluir Subcuentas' configurado exitosamente
2025-07-14 12:17:28 | INFO     | nubox_rpa.parameter_config | Dropdown 'Incluir Subcuentas' configurado: SI
2025-07-14 12:17:28 | INFO     | nubox_rpa.parameter_config | Configurando fecha 'Desde' al final: 01/01/2025
2025-07-14 12:17:28 | INFO     | nubox_rpa.parameter_config | Configurando fecha 'Desde': 01/01/2025
2025-07-14 12:17:29 | INFO     | nubox_rpa.parameter_config | Fecha 'Desde' configurada: 01/01/2025
2025-07-14 12:17:29 | INFO     | nubox_rpa.parameter_config | Configurando fecha 'Hasta' al final: 01/02/2025
2025-07-14 12:17:29 | INFO     | nubox_rpa.parameter_config | Configurando fecha 'Hasta': 01/02/2025
2025-07-14 12:17:30 | INFO     | nubox_rpa.parameter_config | Fecha 'Hasta' configurada: 01/02/2025
2025-07-14 12:17:30 | INFO     | nubox_rpa.parameter_config | Buscando botón para generar el reporte
2025-07-14 12:17:30 | INFO     | nubox_rpa.parameter_config | Haciendo clic en el botón Aceptar para generar el reporte
2025-07-14 12:17:33 | INFO     | nubox_rpa.parameter_config | Clic con JavaScript en botón Aceptar exitoso
2025-07-14 12:17:33 | INFO     | nubox_rpa.parameter_config | Esperando a que se genere el reporte...
2025-07-14 12:17:40 | INFO     | nubox_rpa.report_extractor | Extrayendo datos para cuenta: 4402-01 INTERESES BANCARIOS
2025-07-14 12:17:40 | INFO     | nubox_rpa.report_extractor | Iniciando extracción de reporte
2025-07-14 12:18:21 | INFO     | nubox_rpa.report_extractor | Esperando a que se complete la descarga...
2025-07-14 12:18:31 | INFO     | nubox_rpa.report_extractor | Archivo descargado encontrado: /Users/javie/Downloads/LIBRO MAYOR DESDE 01_01_2025 A 01_02_2025 (5).xls
2025-07-14 12:18:31 | INFO     | nubox_rpa.report_extractor | Validando archivo: /Users/javie/Downloads/LIBRO MAYOR DESDE 01_01_2025 A 01_02_2025 (5).xls (tamaño: 2179 bytes)
2025-07-14 12:18:31 | INFO     | nubox_rpa.report_extractor | Primeros 100 caracteres del archivo: <html xmlns:x="urn:schemas-microsoft-com:office:excel"><head><!--[if gte mso 9]><xml><x:ExcelWorkboo
2025-07-14 12:18:31 | INFO     | nubox_rpa.report_extractor | ✅ DETECTADO: Archivo HTML-Excel válido de Nubox
2025-07-14 12:18:31 | INFO     | nubox_rpa.report_extractor | ✅ Descarga exitosa. Preparando para siguiente cuenta...
2025-07-14 12:18:31 | INFO     | nubox_rpa.report_extractor | 📋 Detectado formato HTML-Excel de Microsoft Office (Nubox)
2025-07-14 12:18:31 | INFO     | nubox_rpa.report_extractor | 📋 Iniciando extracción de datos HTML-Excel...
2025-07-14 12:18:31 | INFO     | nubox_rpa.report_extractor | 📋 Información de empresa extraída: {'Nombre': 'SELYT SPA', 'Rut': '77.081.534-7', 'Representante Legal': 'PAULO ALEJANDRO SUBIABRE CEPEDA', 'Giro Comercial': 'SERVICIOS TECNOLOGICOS'}
2025-07-14 12:18:31 | INFO     | nubox_rpa.report_extractor | 📋 Encabezados encontrados: ['FECHA', 'COMPROBANTE', 'GLOSA', 'DEBE', 'HABER', 'SALDO', 'C.C.']
2025-07-14 12:18:31 | INFO     | nubox_rpa.report_extractor | 📊 Se extrajeron 1 filas de datos
2025-07-14 12:18:31 | INFO     | nubox_rpa.report_extractor | ✅ Datos contables limpiados: 1 filas resultantes
2025-07-14 12:18:31 | INFO     | nubox_rpa.report_extractor | ✅ DataFrame HTML-Excel creado exitosamente: 1 filas, 7 columnas
2025-07-14 12:18:31 | INFO     | nubox_rpa.report_extractor | Columnas: ['FECHA', 'COMPROBANTE', 'GLOSA', 'DEBE', 'HABER', 'SALDO', 'C.C.']
2025-07-14 12:18:31 | INFO     | nubox_rpa.report_extractor | ✅ Descarga exitosa para cuenta 4402-01 INTERESES BANCARIOS
2025-07-14 12:18:31 | INFO     | nubox_rpa.report_extractor | Navegando al formulario Mayor para siguiente cuenta (4/4)
2025-07-14 12:18:31 | INFO     | nubox_rpa.navigation | Navegando intencionalmente a SistemaLogin para empezar proceso limpio
2025-07-14 12:18:31 | INFO     | nubox_rpa.navigation | 🔄 Navegando a https://web.nubox.com/SistemaLogin
2025-07-14 12:18:34 | INFO     | nubox_rpa.navigation | URL actual después de navegación: https://web.nubox.com/SistemaLogin
2025-07-14 12:18:34 | INFO     | nubox_rpa.navigation | 🚀 Iniciando navegación completa desde SistemaLogin para siguiente cuenta
2025-07-14 12:18:34 | INFO     | nubox_rpa.navigation | Ejecutando proceso completo de navegación desde SistemaLogin
2025-07-14 12:18:36 | INFO     | nubox_rpa.navigation | Navegando al módulo de Contabilidad
2025-07-14 12:18:36 | INFO     | nubox_rpa.navigation | Intentando selector: //td[contains(@class, 'jqx-cell') and contains(@class, 'jqx-grid-cell')]//span[contains(text(), 'Contabilidad')]
2025-07-14 12:18:36 | INFO     | nubox_rpa.navigation | Elementos encontrados: 1
2025-07-14 12:18:36 | INFO     | nubox_rpa.navigation | Elemento de Contabilidad encontrado y visible
2025-07-14 12:18:37 | INFO     | nubox_rpa.navigation | Clic exitoso en Contabilidad
2025-07-14 12:18:38 | INFO     | nubox_rpa.navigation | Buscando el menú de Reportes
2025-07-14 12:18:38 | INFO     | nubox_rpa.navigation | Buscando Reportes con selector: //a[@tabindex='-1' and contains(@onfocus, 'p_MenuEnfocar') and text()='Reportes']
2025-07-14 12:18:38 | INFO     | nubox_rpa.navigation | Elementos de Reportes encontrados: 1
2025-07-14 12:18:38 | INFO     | nubox_rpa.navigation | Elemento de Reportes encontrado y visible
2025-07-14 12:18:39 | INFO     | nubox_rpa.navigation | Clic exitoso en Reportes
2025-07-14 12:18:39 | INFO     | nubox_rpa.navigation | Buscando el menú de Libros Contables
2025-07-14 12:18:40 | INFO     | nubox_rpa.navigation | Buscando Libros Contables con selector: //a[@tabindex='-1' and contains(@onfocus, 'p_SubMenuEnfocar') and contains(text(), 'Libros Contables')]
2025-07-14 12:18:40 | INFO     | nubox_rpa.navigation | Elementos de Libros Contables encontrados: 1
2025-07-14 12:18:40 | INFO     | nubox_rpa.navigation | Elemento de Libros Contables encontrado y visible
2025-07-14 12:18:40 | INFO     | nubox_rpa.navigation | Clic exitoso en Libros Contables
2025-07-14 12:18:40 | INFO     | nubox_rpa.navigation | Buscando el reporte Mayor
2025-07-14 12:18:41 | INFO     | nubox_rpa.navigation | Buscando Mayor con selector: //a[@onclick="NbxAnalyticsTrackMenu('Mayor')" and @href='conReportesLibroMayorGenerar.asp']
2025-07-14 12:18:41 | INFO     | nubox_rpa.navigation | Elementos de Mayor encontrados: 1
2025-07-14 12:18:41 | INFO     | nubox_rpa.navigation | Elemento de Mayor encontrado y visible
2025-07-14 12:18:42 | INFO     | nubox_rpa.navigation | Clic exitoso en Mayor
2025-07-14 12:18:42 | INFO     | nubox_rpa.navigation | ✅ Navegación completa desde SistemaLogin exitosa
2025-07-14 12:18:42 | INFO     | nubox_rpa.report_extractor | Procesando cuenta 4/4: 4201-01 ARRIENDOS OFICINAS
2025-07-14 12:18:42 | INFO     | nubox_rpa.report_extractor | Configurando parámetros para cuenta: 4201-01 ARRIENDOS OFICINAS
2025-07-14 12:18:42 | INFO     | nubox_rpa.parameter_config | Iniciando configuración programática de parámetros
2025-07-14 12:18:42 | INFO     | nubox_rpa.parameter_config | iframes encontrados en la página: 11
2025-07-14 12:18:42 | INFO     | nubox_rpa.parameter_config | iframe 0: name='iframe_0', src='sin_src'
2025-07-14 12:18:52 | INFO     | nubox_rpa.parameter_config | Inputs encontrados en iframe 0: 0
2025-07-14 12:18:52 | INFO     | nubox_rpa.parameter_config | iframe 1: name='iframe_1', src='sin_src'
2025-07-14 12:19:02 | INFO     | nubox_rpa.parameter_config | Inputs encontrados en iframe 1: 0
2025-07-14 12:19:02 | INFO     | nubox_rpa.parameter_config | iframe 2: name='iframe_2', src='sin_src'
2025-07-14 12:19:12 | INFO     | nubox_rpa.parameter_config | Inputs encontrados en iframe 2: 0
2025-07-14 12:19:12 | INFO     | nubox_rpa.parameter_config | iframe 3: name='iframe_3', src='sin_src'
2025-07-14 12:19:22 | INFO     | nubox_rpa.parameter_config | Inputs encontrados en iframe 3: 0
2025-07-14 12:19:22 | INFO     | nubox_rpa.parameter_config | iframe 4: name='Contenido', src='https://app.nubox.com/ServicontPlus/Asp/conPortadaContenido.asp'
2025-07-14 12:19:22 | INFO     | nubox_rpa.parameter_config | Inputs encontrados en iframe 4: 14
2025-07-14 12:19:22 | INFO     | nubox_rpa.parameter_config | Usando iframe 4 que contiene 14 inputs
2025-07-14 12:19:22 | INFO     | nubox_rpa.parameter_config | Configurando dropdowns antes que las fechas para evitar reversión
2025-07-14 12:19:22 | INFO     | nubox_rpa.parameter_config | Configurando selecciones de dropdowns
2025-07-14 12:19:22 | INFO     | nubox_rpa.parameter_config | Encontrado dropdown correcto: 'Empresa'
2025-07-14 12:19:33 | INFO     | nubox_rpa.parameter_config | ✅ Dropdown 'Empresa' configurado exitosamente
2025-07-14 12:19:33 | INFO     | nubox_rpa.parameter_config | Dropdown 'Empresa' configurado: 906,  SELYT SPA
2025-07-14 12:19:33 | INFO     | nubox_rpa.parameter_config | Encontrado dropdown correcto: 'Tipo de Reporte'
2025-07-14 12:19:34 | INFO     | nubox_rpa.parameter_config | ✅ Dropdown 'Tipo de Reporte' configurado exitosamente
2025-07-14 12:19:34 | INFO     | nubox_rpa.parameter_config | Dropdown 'Tipo de Reporte' configurado: ANALISIS POR CUENTA
2025-07-14 12:19:34 | INFO     | nubox_rpa.parameter_config | Encontrado dropdown correcto: 'Formato de Salida'
2025-07-14 12:19:34 | INFO     | nubox_rpa.parameter_config | ✅ Dropdown 'Formato de Salida' configurado exitosamente
2025-07-14 12:19:34 | INFO     | nubox_rpa.parameter_config | Dropdown 'Formato de Salida' configurado: EXCEL
2025-07-14 12:19:36 | INFO     | nubox_rpa.parameter_config | Encontrado dropdown correcto: 'Cuenta Contable'
2025-07-14 12:19:36 | INFO     | nubox_rpa.parameter_config | ✅ Dropdown 'Cuenta Contable' configurado exitosamente
2025-07-14 12:19:36 | INFO     | nubox_rpa.parameter_config | Dropdown 'Cuenta Contable' configurado: 4201-01 ARRIENDOS OFICINAS
2025-07-14 12:19:37 | INFO     | nubox_rpa.parameter_config | Encontrado dropdown correcto: 'Incluir Subcuentas'
2025-07-14 12:19:38 | INFO     | nubox_rpa.parameter_config | ✅ Dropdown 'Incluir Subcuentas' configurado exitosamente
2025-07-14 12:19:38 | INFO     | nubox_rpa.parameter_config | Dropdown 'Incluir Subcuentas' configurado: SI
2025-07-14 12:19:38 | INFO     | nubox_rpa.parameter_config | Configurando fecha 'Desde' al final: 01/01/2025
2025-07-14 12:19:38 | INFO     | nubox_rpa.parameter_config | Configurando fecha 'Desde': 01/01/2025
2025-07-14 12:19:39 | INFO     | nubox_rpa.parameter_config | Fecha 'Desde' configurada: 01/01/2025
2025-07-14 12:19:39 | INFO     | nubox_rpa.parameter_config | Configurando fecha 'Hasta' al final: 01/02/2025
2025-07-14 12:19:39 | INFO     | nubox_rpa.parameter_config | Configurando fecha 'Hasta': 01/02/2025
2025-07-14 12:19:40 | INFO     | nubox_rpa.parameter_config | Fecha 'Hasta' configurada: 01/02/2025
2025-07-14 12:19:40 | INFO     | nubox_rpa.parameter_config | Buscando botón para generar el reporte
2025-07-14 12:19:40 | INFO     | nubox_rpa.parameter_config | Haciendo clic en el botón Aceptar para generar el reporte
2025-07-14 12:19:43 | INFO     | nubox_rpa.parameter_config | Clic con JavaScript en botón Aceptar exitoso
2025-07-14 12:19:43 | INFO     | nubox_rpa.parameter_config | Esperando a que se genere el reporte...
2025-07-14 12:19:50 | INFO     | nubox_rpa.report_extractor | Extrayendo datos para cuenta: 4201-01 ARRIENDOS OFICINAS
2025-07-14 12:19:50 | INFO     | nubox_rpa.report_extractor | Iniciando extracción de reporte
2025-07-14 12:20:30 | INFO     | nubox_rpa.report_extractor | Esperando a que se complete la descarga...
2025-07-14 12:20:40 | INFO     | nubox_rpa.report_extractor | Archivo descargado encontrado: /Users/javie/Downloads/LIBRO MAYOR DESDE 01_01_2025 A 01_02_2025 (6).xls
2025-07-14 12:20:40 | INFO     | nubox_rpa.report_extractor | Validando archivo: /Users/javie/Downloads/LIBRO MAYOR DESDE 01_01_2025 A 01_02_2025 (6).xls (tamaño: 2462 bytes)
2025-07-14 12:20:40 | INFO     | nubox_rpa.report_extractor | Primeros 100 caracteres del archivo: <html xmlns:x="urn:schemas-microsoft-com:office:excel"><head><!--[if gte mso 9]><xml><x:ExcelWorkboo
2025-07-14 12:20:40 | INFO     | nubox_rpa.report_extractor | ✅ DETECTADO: Archivo HTML-Excel válido de Nubox
2025-07-14 12:20:40 | INFO     | nubox_rpa.report_extractor | ✅ Descarga exitosa. Preparando para siguiente cuenta...
2025-07-14 12:20:40 | INFO     | nubox_rpa.report_extractor | 📋 Detectado formato HTML-Excel de Microsoft Office (Nubox)
2025-07-14 12:20:40 | INFO     | nubox_rpa.report_extractor | 📋 Iniciando extracción de datos HTML-Excel...
2025-07-14 12:20:40 | INFO     | nubox_rpa.report_extractor | 📋 Información de empresa extraída: {'Nombre': 'SELYT SPA', 'Rut': '77.081.534-7', 'Representante Legal': 'PAULO ALEJANDRO SUBIABRE CEPEDA', 'Giro Comercial': 'SERVICIOS TECNOLOGICOS'}
2025-07-14 12:20:40 | INFO     | nubox_rpa.report_extractor | 📋 Encabezados encontrados: ['FECHA', 'COMPROBANTE', 'GLOSA', 'DEBE', 'HABER', 'SALDO', 'C.C.']
2025-07-14 12:20:40 | INFO     | nubox_rpa.report_extractor | 📊 Se extrajeron 1 filas de datos
2025-07-14 12:20:40 | INFO     | nubox_rpa.report_extractor | ✅ Datos contables limpiados: 1 filas resultantes
2025-07-14 12:20:40 | INFO     | nubox_rpa.report_extractor | ✅ DataFrame HTML-Excel creado exitosamente: 1 filas, 7 columnas
2025-07-14 12:20:40 | INFO     | nubox_rpa.report_extractor | Columnas: ['FECHA', 'COMPROBANTE', 'GLOSA', 'DEBE', 'HABER', 'SALDO', 'C.C.']
2025-07-14 12:20:40 | INFO     | nubox_rpa.report_extractor | ✅ Descarga exitosa para cuenta 4201-01 ARRIENDOS OFICINAS
2025-07-14 12:20:40 | INFO     | nubox_rpa.report_extractor | 🎯 Extracción completada: 4 exitosas, 0 fallidas
2025-07-14 12:20:41 | INFO     | nubox_rpa.mongodb | ✅ Conectado exitosamente a MongoDB Atlas - Base de datos: nubox-data
2025-07-14 12:20:42 | INFO     | nubox_rpa.mongodb | ✅ Índices de Nubox creados exitosamente
2025-07-14 12:20:42 | INFO     | nubox_rpa.mongodb | ✅ Reporte Nubox exportado exitosamente: 1 filas, ID: 68752e590b3f050976bd08f4
2025-07-14 12:20:43 | INFO     | nubox_rpa.mongodb | ✅ Índices de Nubox creados exitosamente
2025-07-14 12:20:43 | INFO     | nubox_rpa.mongodb | ✅ Reporte Nubox exportado exitosamente: 2 filas, ID: 68752e5a0b3f050976bd08f5
2025-07-14 12:20:44 | INFO     | nubox_rpa.mongodb | ✅ Índices de Nubox creados exitosamente
2025-07-14 12:20:44 | INFO     | nubox_rpa.mongodb | ✅ Reporte Nubox exportado exitosamente: 1 filas, ID: 68752e5b0b3f050976bd08f6
2025-07-14 12:20:44 | INFO     | nubox_rpa.mongodb | ✅ Índices de Nubox creados exitosamente
2025-07-14 12:20:44 | INFO     | nubox_rpa.mongodb | ✅ Reporte Nubox exportado exitosamente: 1 filas, ID: 68752e5c0b3f050976bd08f7
2025-07-14 12:20:45 | INFO     | nubox_rpa.mongodb | 🔌 Desconectado de MongoDB Atlas
